[debug] [2021-05-19T13:50:13.345Z] ----------------------------------------------------------------------
[debug] [2021-05-19T13:50:13.347Z] Command:       C:\Program Files\nodejs\node.exe C:\Users\Mustfz Munna\AppData\Roaming\npm\node_modules\firebase-tools\lib\bin\firebase.js deploy --only hosting
[debug] [2021-05-19T13:50:13.348Z] CLI Version:   9.11.0
[debug] [2021-05-19T13:50:13.348Z] Platform:      win32
[debug] [2021-05-19T13:50:13.348Z] Node Version:  v14.16.1
[debug] [2021-05-19T13:50:13.349Z] Time:          Wed May 19 2021 06:50:13 GMT-0700 (Pacific Daylight Time)
[debug] [2021-05-19T13:50:13.349Z] ----------------------------------------------------------------------
[debug] 
[debug] [2021-05-19T13:50:13.360Z] > command requires scopes: ["email","openid","https://www.googleapis.com/auth/cloudplatformprojects.readonly","https://www.googleapis.com/auth/firebase","https://www.googleapis.com/auth/cloud-platform"]
[debug] [2021-05-19T13:50:13.360Z] > authorizing via signed-in user (mustafizmunna173@gmail.com)
[debug] [2021-05-19T13:50:13.360Z] [iam] checking project red-onion-bbfe4 for permissions ["firebase.projects.get","firebasehosting.sites.update"]
[debug] [2021-05-19T13:50:13.363Z] > refreshing access token with scopes: ["email","https://www.googleapis.com/auth/cloud-platform","https://www.googleapis.com/auth/cloudplatformprojects.readonly","https://www.googleapis.com/auth/firebase","openid"]
[debug] [2021-05-19T13:50:13.363Z] >>> HTTP REQUEST POST https://www.googleapis.com/oauth2/v3/token  
 <request body omitted>
[debug] [2021-05-19T13:50:13.720Z] <<< HTTP RESPONSE 200 {"pragma":"no-cache","date":"Wed, 19 May 2021 13:50:13 GMT","expires":"Mon, 01 Jan 1990 00:00:00 GMT","cache-control":"no-cache, no-store, max-age=0, must-revalidate","content-type":"application/json; charset=utf-8","vary":"X-Origin, Referer, Origin,Accept-Encoding","server":"scaffolding on HTTPServer2","x-xss-protection":"0","x-frame-options":"SAMEORIGIN","x-content-type-options":"nosniff","alt-svc":"h3-29=\":443\"; ma=2592000,h3-T051=\":443\"; ma=2592000,h3-Q050=\":443\"; ma=2592000,h3-Q046=\":443\"; ma=2592000,h3-Q043=\":443\"; ma=2592000,quic=\":443\"; ma=2592000; v=\"46,43\"","accept-ranges":"none","transfer-encoding":"chunked"}
[debug] [2021-05-19T13:50:13.729Z] >>> HTTP REQUEST POST https://cloudresourcemanager.googleapis.com/v1/projects/red-onion-bbfe4:testIamPermissions  
 {"permissions":["firebase.projects.get","firebasehosting.sites.update"]}
[debug] [2021-05-19T13:50:15.069Z] <<< HTTP RESPONSE 200 {"content-type":"application/json; charset=UTF-8","vary":"X-Origin, Referer, Origin,Accept-Encoding","date":"Wed, 19 May 2021 13:50:14 GMT","server":"ESF","cache-control":"private","x-xss-protection":"0","x-frame-options":"SAMEORIGIN","x-content-type-options":"nosniff","server-timing":"gfet4t7; dur=1151","alt-svc":"h3-29=\":443\"; ma=2592000,h3-T051=\":443\"; ma=2592000,h3-Q050=\":443\"; ma=2592000,h3-Q046=\":443\"; ma=2592000,h3-Q043=\":443\"; ma=2592000,quic=\":443\"; ma=2592000; v=\"46,43\"","accept-ranges":"none","transfer-encoding":"chunked"}
[debug] [2021-05-19T13:50:15.074Z] > refreshing access token with scopes: []
[debug] [2021-05-19T13:50:15.075Z] >>> HTTP REQUEST POST https://www.googleapis.com/oauth2/v3/token  
 <request body omitted>
[debug] [2021-05-19T13:50:15.333Z] <<< HTTP RESPONSE 200 {"expires":"Mon, 01 Jan 1990 00:00:00 GMT","pragma":"no-cache","cache-control":"no-cache, no-store, max-age=0, must-revalidate","date":"Wed, 19 May 2021 13:50:14 GMT","content-type":"application/json; charset=utf-8","vary":"X-Origin, Referer, Origin,Accept-Encoding","server":"scaffolding on HTTPServer2","x-xss-protection":"0","x-frame-options":"SAMEORIGIN","x-content-type-options":"nosniff","alt-svc":"h3-29=\":443\"; ma=2592000,h3-T051=\":443\"; ma=2592000,h3-Q050=\":443\"; ma=2592000,h3-Q046=\":443\"; ma=2592000,h3-Q043=\":443\"; ma=2592000,quic=\":443\"; ma=2592000; v=\"46,43\"","accept-ranges":"none","transfer-encoding":"chunked"}
[debug] [2021-05-19T13:50:15.354Z] >>> [apiv2][query] GET https://firebase.googleapis.com/v1beta1/projects/red-onion-bbfe4 [none]
[debug] [2021-05-19T13:50:15.879Z] <<< [apiv2][status] GET https://firebase.googleapis.com/v1beta1/projects/red-onion-bbfe4 200
[debug] [2021-05-19T13:50:15.879Z] <<< [apiv2][body] GET https://firebase.googleapis.com/v1beta1/projects/red-onion-bbfe4 {"projectId":"red-onion-bbfe4","projectNumber":"451958480048","displayName":"red-onion","name":"projects/red-onion-bbfe4","resources":{"hostingSite":"red-onion-bbfe4"},"state":"ACTIVE"}
[info] 
[info] === Deploying to 'red-onion-bbfe4'...
[info] 
[info] i  deploying hosting 
[debug] [2021-05-19T13:50:15.897Z] > refreshing access token with scopes: ["email","https://www.googleapis.com/auth/cloud-platform","https://www.googleapis.com/auth/cloudplatformprojects.readonly","https://www.googleapis.com/auth/firebase","openid"]
[debug] [2021-05-19T13:50:15.898Z] >>> HTTP REQUEST POST https://www.googleapis.com/oauth2/v3/token  
 <request body omitted>
[debug] [2021-05-19T13:50:16.160Z] <<< HTTP RESPONSE 200 {"expires":"Mon, 01 Jan 1990 00:00:00 GMT","pragma":"no-cache","date":"Wed, 19 May 2021 13:50:15 GMT","cache-control":"no-cache, no-store, max-age=0, must-revalidate","content-type":"application/json; charset=utf-8","vary":"X-Origin, Referer, Origin,Accept-Encoding","server":"scaffolding on HTTPServer2","x-xss-protection":"0","x-frame-options":"SAMEORIGIN","x-content-type-options":"nosniff","alt-svc":"h3-29=\":443\"; ma=2592000,h3-T051=\":443\"; ma=2592000,h3-Q050=\":443\"; ma=2592000,h3-Q046=\":443\"; ma=2592000,h3-Q043=\":443\"; ma=2592000,quic=\":443\"; ma=2592000; v=\"46,43\"","accept-ranges":"none","transfer-encoding":"chunked"}
[debug] [2021-05-19T13:50:16.170Z] >>> HTTP REQUEST POST https://firebasehosting.googleapis.com/v1beta1/sites/red-onion-bbfe4/versions  
 {"config":{"rewrites":[{"glob":"**","path":"/index.html"}]},"labels":{"deployment-tool":"cli-firebase"}}
[debug] [2021-05-19T13:50:18.002Z] <<< HTTP RESPONSE 200 {"content-type":"application/json; charset=UTF-8","vary":"X-Origin, Referer, Origin,Accept-Encoding","date":"Wed, 19 May 2021 13:50:17 GMT","server":"ESF","cache-control":"private","x-xss-protection":"0","x-frame-options":"SAMEORIGIN","x-content-type-options":"nosniff","alt-svc":"h3-29=\":443\"; ma=2592000,h3-T051=\":443\"; ma=2592000,h3-Q050=\":443\"; ma=2592000,h3-Q046=\":443\"; ma=2592000,h3-Q043=\":443\"; ma=2592000,quic=\":443\"; ma=2592000; v=\"46,43\"","accept-ranges":"none","transfer-encoding":"chunked"}
[info] i  hosting[red-onion-bbfe4]: beginning deploy... 
[info] i  hosting[red-onion-bbfe4]: found 49 files in build 
[debug] [2021-05-19T13:50:18.041Z] > refreshing access token with scopes: []
[debug] [2021-05-19T13:50:18.041Z] >>> HTTP REQUEST POST https://www.googleapis.com/oauth2/v3/token  
 <request body omitted>
[debug] [2021-05-19T13:50:18.044Z] [hosting] hash cache [YnVpbGQ] stored for 49 files
[debug] [2021-05-19T13:50:18.044Z] [hosting][hash queue][FINAL] {"max":5,"min":1,"avg":1,"active":0,"complete":49,"success":49,"errored":0,"retried":0,"total":49,"elapsed":10}
[debug] [2021-05-19T13:50:18.324Z] <<< HTTP RESPONSE 200 {"pragma":"no-cache","cache-control":"no-cache, no-store, max-age=0, must-revalidate","date":"Wed, 19 May 2021 13:50:17 GMT","expires":"Mon, 01 Jan 1990 00:00:00 GMT","content-type":"application/json; charset=utf-8","vary":"X-Origin, Referer, Origin,Accept-Encoding","server":"scaffolding on HTTPServer2","x-xss-protection":"0","x-frame-options":"SAMEORIGIN","x-content-type-options":"nosniff","alt-svc":"h3-29=\":443\"; ma=2592000,h3-T051=\":443\"; ma=2592000,h3-Q050=\":443\"; ma=2592000,h3-Q046=\":443\"; ma=2592000,h3-Q043=\":443\"; ma=2592000,quic=\":443\"; ma=2592000; v=\"46,43\"","accept-ranges":"none","transfer-encoding":"chunked"}
[debug] [2021-05-19T13:50:18.332Z] >>> [apiv2][query] POST https://firebasehosting.googleapis.com/v1beta1/sites/red-onion-bbfe4/versions/c88faf76f7527edb:populateFiles [none]
[debug] [2021-05-19T13:50:18.333Z] >>> [apiv2][body] POST https://firebasehosting.googleapis.com/v1beta1/sites/red-onion-bbfe4/versions/c88faf76f7527edb:populateFiles {"files":{"/asset-manifest.json":"148bc376f4282a9a7fc1eac9523f41c0d12f3def06aed43c4d2984861e216bef","/favicon.ico":"12d0be855bb04106bac3f0a351fe80abe844f4869301b09dfe6dc80ff44f4465","/index.html":"de1fb5e4f8f0977a75f5ea375fd7b734eb2adda5bd7e31c6079d084f8313938a","/logo192.png":"3ee59515172ee198f3be375979df15ac5345183e656720a381b8872b2a39dc8b","/logo512.png":"ee7e2f3fdb8209c4b6fd7bef6ba50d1b9dba30a25bb5c3126df057e1cb6f5331","/manifest.json":"aff3449bdc238776f5d6d967f19ec491b36aed5fb7f23ccff6500736fd58494a","/robots.txt":"bfe106a3fb878dc83461c86818bf74fc1bdc7f28538ba613cd3e775516ce8b49","/images/Breakfast/breakfast1.png":"75c2ce378ea5e249d866213e28ef053e7b752c4f28964879855c957e7dfc752a","/images/Breakfast/breakfast2.png":"2b0a9fe8c07f4303d4a72d1b98b644faa25f3bd5f010ac3cfcfef3429b802407","/images/Breakfast/breakfast3.png":"ebbee777153770408ed73d4a0fb08f22cb6ff45170c04cac07819d570b90e5bb","/images/Breakfast/breakfast4.png":"5045ff1240bc9dc72629cf21d3fa7124d52e016a42a30c4d83813da0de26c241","/images/Breakfast/breakfast5.png":"1b73a3219e6d8931bd690534f5244122e7c292c8f4f33023ec8075da2601e2f3","/images/Breakfast/breakfast6.png":"8c6bb2a422de2ce194b1c6f83118482e9a42238e0ce6463968e91f4b6f83b27d","/images/choose/choose1.png":"c89bbfb0a65a602acbaa58029fbdd1527a1a77595400d7d35dd1de79d1c49fff","/images/choose/choose2.png":"3d776fadb915d835ccbcd4de44e8d1713fe447b90a7e76b6a6bfdd009394530c","/images/choose/choose3.png":"3a887b49858be05f933591ee27ad40231fcc857f286e5944925ad45b622de049","/images/Dinner/dinner1.png":"5570ef855960fb1915a42df1351c95a7efd21739773812becc4025ffd571d215","/images/Dinner/dinner2.png":"8727725c96f93d08014f90d939b0aa2a31f7880b1f74959224f72c868fa4bef1","/images/Dinner/dinner3.png":"93a55ca98236032c62752b8a333955d86eb5558b8e0f770133d8f61e55e61bd7","/images/Dinner/dinner4.png":"097ca4982d681e7789199de903af2b457c7fa9153625ff34e3b6d9abe26ff25c","/images/Dinner/dinner5.png":"bc62d41707a8fb5801ab6227fb2f432ac5012dd2b42e810a8953564d67873657","/images/Dinner/dinner6.png":"907a697a069b9155eee54dee55d9265572e16463875fc3764e9554af344a7b6a","/images/lunch/lunch1.png":"335560fa824bc762ced8b52ba57e789a576d60fe77166eadb40d4e97b0ee50d5","/images/lunch/lunch2.png":"b7501ecd265e8d77c1cc36bd590b92fe5c0f8bac07761fa269c83f1771ce9896","/images/lunch/lunch3.png":"942b5a3c163a7a428ec3266832451b33a5bfd2341048c15e0d73112d99e1a640","/images/lunch/lunch4.png":"a51136ed1059be1b934a9203889dd63a2b9f7467161d59cf70b694862e4d2901","/images/lunch/lunch5.png":"7b78b2be1c1a69699f779a05c5fb05e0247ca7b29e16e7b116426f5acc12bb9e","/images/lunch/lunch6.png":"fe8b1159b51e02d6f381e95bf7c379be8220f0e31293073da7a9735c4954dbf3","/static/css/2.81198f32.chunk.css":"1741a0efd70b1c8f09706e15e0ade4fe08359bf55c36655353d06255fa3748fe","/static/css/2.81198f32.chunk.css.map":"1e4ae1bf2bdb9faecdbc618f8e5764cfa63c3f9b33d3fa7950245edb810c93a7","/static/css/main.52001bd6.chunk.css":"12e85248e2c81f887235bf919688e080af6a4fa9145416f8f64c42781e3fa9e5","/static/css/main.52001bd6.chunk.css.map":"884d9f9b9c2ff3fcaf33f0c1fce2a4fcca5ad6f595351563dbc185f896b66964","/static/js/2.8cc4014e.chunk.js":"5bb6d9aff14df2bf40ab028474037eff723cab8bef72c2717daac4caa69f56ee","/static/js/2.8cc4014e.chunk.js.LICENSE.txt":"d33136ec25c7c183262a01873f40ecc0fa50fb491ef3c19d4f825af076f1910a","/static/js/2.8cc4014e.chunk.js.map":"b11a010892f48a297fa4f0f7eb69c9c1e77536386a825e1ebbd76c4613fd8d88","/static/js/3.c923d3b7.chunk.js":"899baf117c43e7e0711c2e205a0af1f69b003561de071f01b1601313a2b14606","/static/js/3.c923d3b7.chunk.js.map":"e6f83770784d7bdd77cfd2625e06aabd22bfffd25396ffd76ee5af411f0c1377","/static/js/main.44ffd06c.chunk.js":"95bdb28591540345e17c5f46146507a6ae377383aa39f2ac0c47468c86c9d454","/static/js/main.44ffd06c.chunk.js.map":"76e0792f4ab10333870398829c9fc43d7ff5acf826ffed35296e2ec1862d3d1d","/static/js/runtime-main.54e6ee06.js":"d8f6046ca0f950d0d636c1d2dc4b22dd37a876155b1bf08b6ec295f2409ca319","/static/js/runtime-main.54e6ee06.js.map":"90982884da7973e94a00cc1439c8ba249f7370390254c9cf6c46c4986cbed175","/static/media/bannerbackground.98de71b4.png":"ab25fa267ad2b074148d8af3719a8b531899fcf06d7f542e8312f12103922cce","/static/media/deliver.7ac997a6.png":"77eb8f7e941044622b89e2130843e0217f3ae21defc2c82db9f154c4a6ca9f7e","/static/media/logo.1263bfd7.png":"d86dcdc0edb6148560ce8f67a02d758b41f9e2e71096fdfbf774fb890e4cedcc","/static/media/logo2.7419725d.png":"12d0be855bb04106bac3f0a351fe80abe844f4869301b09dfe6dc80ff44f4465","/static/media/map.87d416b5.jpg":"eb20f733ab34831bec85b15dc852102060d9ddda13c4a1cffe4af89c3718cc5f","/static/media/revicons.57fd05d4.ttf":"49809bf130fbd75ad49579b8c5a6faacb4eefed1e204218cc36be967a323404d","/static/media/revicons.a77de540.eot":"925e83bc136fe2400f219f5d816dae147a1cf2874e63584a129a660a50c659b7","/static/media/revicons.e8746a62.woff":"90f3b7d6ec636d4e76f0829939a8c0e87626466431d6ef33c499d68fcd7f3bfa"}}
[debug] [2021-05-19T13:50:20.009Z] <<< [apiv2][status] POST https://firebasehosting.googleapis.com/v1beta1/sites/red-onion-bbfe4/versions/c88faf76f7527edb:populateFiles 200
[debug] [2021-05-19T13:50:20.010Z] <<< [apiv2][body] POST https://firebasehosting.googleapis.com/v1beta1/sites/red-onion-bbfe4/versions/c88faf76f7527edb:populateFiles {"uploadRequiredHashes":["2b0a9fe8c07f4303d4a72d1b98b644faa25f3bd5f010ac3cfcfef3429b802407","097ca4982d681e7789199de903af2b457c7fa9153625ff34e3b6d9abe26ff25c","c89bbfb0a65a602acbaa58029fbdd1527a1a77595400d7d35dd1de79d1c49fff","5570ef855960fb1915a42df1351c95a7efd21739773812becc4025ffd571d215","3a887b49858be05f933591ee27ad40231fcc857f286e5944925ad45b622de049","3d776fadb915d835ccbcd4de44e8d1713fe447b90a7e76b6a6bfdd009394530c","93a55ca98236032c62752b8a333955d86eb5558b8e0f770133d8f61e55e61bd7","335560fa824bc762ced8b52ba57e789a576d60fe77166eadb40d4e97b0ee50d5","7b78b2be1c1a69699f779a05c5fb05e0247ca7b29e16e7b116426f5acc12bb9e","75c2ce378ea5e249d866213e28ef053e7b752c4f28964879855c957e7dfc752a","5045ff1240bc9dc72629cf21d3fa7124d52e016a42a30c4d83813da0de26c241","8727725c96f93d08014f90d939b0aa2a31f7880b1f74959224f72c868fa4bef1","8c6bb2a422de2ce194b1c6f83118482e9a42238e0ce6463968e91f4b6f83b27d","942b5a3c163a7a428ec3266832451b33a5bfd2341048c15e0d73112d99e1a640","b11a010892f48a297fa4f0f7eb69c9c1e77536386a825e1ebbd76c4613fd8d88","b7501ecd265e8d77c1cc36bd590b92fe5c0f8bac07761fa269c83f1771ce9896","fe8b1159b51e02d6f381e95bf7c379be8220f0e31293073da7a9735c4954dbf3","1b73a3219e6d8931bd690534f5244122e7c292c8f4f33023ec8075da2601e2f3","eb20f733ab34831bec85b15dc852102060d9ddda13c4a1cffe4af89c3718cc5f","907a697a069b9155eee54dee55d9265572e16463875fc3764e9554af344a7b6a","bc62d41707a8fb5801ab6227fb2f432ac5012dd2b42e810a8953564d67873657","a51136ed1059be1b934a9203889dd63a2b9f7467161d59cf70b694862e4d2901","ebbee777153770408ed73d4a0fb08f22cb6ff45170c04cac07819d570b90e5bb"],"uploadUrl":"https://upload-firebasehosting.googleapis.com/upload/sites/red-onion-bbfe4/versions/c88faf76f7527edb/files"}
[debug] [2021-05-19T13:50:20.033Z] >>> [apiv2][query] POST https://upload-firebasehosting.googleapis.com/upload/sites/red-onion-bbfe4/versions/c88faf76f7527edb/files/2b0a9fe8c07f4303d4a72d1b98b644faa25f3bd5f010ac3cfcfef3429b802407 [none]
[debug] [2021-05-19T13:50:20.033Z] >>> [apiv2][body] POST https://upload-firebasehosting.googleapis.com/upload/sites/red-onion-bbfe4/versions/c88faf76f7527edb/files/2b0a9fe8c07f4303d4a72d1b98b644faa25f3bd5f010ac3cfcfef3429b802407 [stream]
[debug] [2021-05-19T13:50:20.034Z] >>> [apiv2][query] POST https://upload-firebasehosting.googleapis.com/upload/sites/red-onion-bbfe4/versions/c88faf76f7527edb/files/097ca4982d681e7789199de903af2b457c7fa9153625ff34e3b6d9abe26ff25c [none]
[debug] [2021-05-19T13:50:20.035Z] >>> [apiv2][body] POST https://upload-firebasehosting.googleapis.com/upload/sites/red-onion-bbfe4/versions/c88faf76f7527edb/files/097ca4982d681e7789199de903af2b457c7fa9153625ff34e3b6d9abe26ff25c [stream]
[debug] [2021-05-19T13:50:20.036Z] >>> [apiv2][query] POST https://upload-firebasehosting.googleapis.com/upload/sites/red-onion-bbfe4/versions/c88faf76f7527edb/files/c89bbfb0a65a602acbaa58029fbdd1527a1a77595400d7d35dd1de79d1c49fff [none]
[debug] [2021-05-19T13:50:20.036Z] >>> [apiv2][body] POST https://upload-firebasehosting.googleapis.com/upload/sites/red-onion-bbfe4/versions/c88faf76f7527edb/files/c89bbfb0a65a602acbaa58029fbdd1527a1a77595400d7d35dd1de79d1c49fff [stream]
[debug] [2021-05-19T13:50:20.037Z] >>> [apiv2][query] POST https://upload-firebasehosting.googleapis.com/upload/sites/red-onion-bbfe4/versions/c88faf76f7527edb/files/5570ef855960fb1915a42df1351c95a7efd21739773812becc4025ffd571d215 [none]
[debug] [2021-05-19T13:50:20.038Z] >>> [apiv2][body] POST https://upload-firebasehosting.googleapis.com/upload/sites/red-onion-bbfe4/versions/c88faf76f7527edb/files/5570ef855960fb1915a42df1351c95a7efd21739773812becc4025ffd571d215 [stream]
[debug] [2021-05-19T13:50:20.038Z] >>> [apiv2][query] POST https://upload-firebasehosting.googleapis.com/upload/sites/red-onion-bbfe4/versions/c88faf76f7527edb/files/3a887b49858be05f933591ee27ad40231fcc857f286e5944925ad45b622de049 [none]
[debug] [2021-05-19T13:50:20.039Z] >>> [apiv2][body] POST https://upload-firebasehosting.googleapis.com/upload/sites/red-onion-bbfe4/versions/c88faf76f7527edb/files/3a887b49858be05f933591ee27ad40231fcc857f286e5944925ad45b622de049 [stream]
[debug] [2021-05-19T13:50:20.040Z] >>> [apiv2][query] POST https://upload-firebasehosting.googleapis.com/upload/sites/red-onion-bbfe4/versions/c88faf76f7527edb/files/3d776fadb915d835ccbcd4de44e8d1713fe447b90a7e76b6a6bfdd009394530c [none]
[debug] [2021-05-19T13:50:20.040Z] >>> [apiv2][body] POST https://upload-firebasehosting.googleapis.com/upload/sites/red-onion-bbfe4/versions/c88faf76f7527edb/files/3d776fadb915d835ccbcd4de44e8d1713fe447b90a7e76b6a6bfdd009394530c [stream]
[debug] [2021-05-19T13:50:20.041Z] >>> [apiv2][query] POST https://upload-firebasehosting.googleapis.com/upload/sites/red-onion-bbfe4/versions/c88faf76f7527edb/files/93a55ca98236032c62752b8a333955d86eb5558b8e0f770133d8f61e55e61bd7 [none]
[debug] [2021-05-19T13:50:20.041Z] >>> [apiv2][body] POST https://upload-firebasehosting.googleapis.com/upload/sites/red-onion-bbfe4/versions/c88faf76f7527edb/files/93a55ca98236032c62752b8a333955d86eb5558b8e0f770133d8f61e55e61bd7 [stream]
[debug] [2021-05-19T13:50:20.042Z] >>> [apiv2][query] POST https://upload-firebasehosting.googleapis.com/upload/sites/red-onion-bbfe4/versions/c88faf76f7527edb/files/335560fa824bc762ced8b52ba57e789a576d60fe77166eadb40d4e97b0ee50d5 [none]
[debug] [2021-05-19T13:50:20.042Z] >>> [apiv2][body] POST https://upload-firebasehosting.googleapis.com/upload/sites/red-onion-bbfe4/versions/c88faf76f7527edb/files/335560fa824bc762ced8b52ba57e789a576d60fe77166eadb40d4e97b0ee50d5 [stream]
[debug] [2021-05-19T13:50:20.043Z] >>> [apiv2][query] POST https://upload-firebasehosting.googleapis.com/upload/sites/red-onion-bbfe4/versions/c88faf76f7527edb/files/7b78b2be1c1a69699f779a05c5fb05e0247ca7b29e16e7b116426f5acc12bb9e [none]
[debug] [2021-05-19T13:50:20.043Z] >>> [apiv2][body] POST https://upload-firebasehosting.googleapis.com/upload/sites/red-onion-bbfe4/versions/c88faf76f7527edb/files/7b78b2be1c1a69699f779a05c5fb05e0247ca7b29e16e7b116426f5acc12bb9e [stream]
[debug] [2021-05-19T13:50:20.044Z] >>> [apiv2][query] POST https://upload-firebasehosting.googleapis.com/upload/sites/red-onion-bbfe4/versions/c88faf76f7527edb/files/75c2ce378ea5e249d866213e28ef053e7b752c4f28964879855c957e7dfc752a [none]
[debug] [2021-05-19T13:50:20.044Z] >>> [apiv2][body] POST https://upload-firebasehosting.googleapis.com/upload/sites/red-onion-bbfe4/versions/c88faf76f7527edb/files/75c2ce378ea5e249d866213e28ef053e7b752c4f28964879855c957e7dfc752a [stream]
[debug] [2021-05-19T13:50:20.045Z] >>> [apiv2][query] POST https://upload-firebasehosting.googleapis.com/upload/sites/red-onion-bbfe4/versions/c88faf76f7527edb/files/5045ff1240bc9dc72629cf21d3fa7124d52e016a42a30c4d83813da0de26c241 [none]
[debug] [2021-05-19T13:50:20.046Z] >>> [apiv2][body] POST https://upload-firebasehosting.googleapis.com/upload/sites/red-onion-bbfe4/versions/c88faf76f7527edb/files/5045ff1240bc9dc72629cf21d3fa7124d52e016a42a30c4d83813da0de26c241 [stream]
[debug] [2021-05-19T13:50:20.046Z] >>> [apiv2][query] POST https://upload-firebasehosting.googleapis.com/upload/sites/red-onion-bbfe4/versions/c88faf76f7527edb/files/8727725c96f93d08014f90d939b0aa2a31f7880b1f74959224f72c868fa4bef1 [none]
[debug] [2021-05-19T13:50:20.047Z] >>> [apiv2][body] POST https://upload-firebasehosting.googleapis.com/upload/sites/red-onion-bbfe4/versions/c88faf76f7527edb/files/8727725c96f93d08014f90d939b0aa2a31f7880b1f74959224f72c868fa4bef1 [stream]
[debug] [2021-05-19T13:50:20.048Z] >>> [apiv2][query] POST https://upload-firebasehosting.googleapis.com/upload/sites/red-onion-bbfe4/versions/c88faf76f7527edb/files/8c6bb2a422de2ce194b1c6f83118482e9a42238e0ce6463968e91f4b6f83b27d [none]
[debug] [2021-05-19T13:50:20.048Z] >>> [apiv2][body] POST https://upload-firebasehosting.googleapis.com/upload/sites/red-onion-bbfe4/versions/c88faf76f7527edb/files/8c6bb2a422de2ce194b1c6f83118482e9a42238e0ce6463968e91f4b6f83b27d [stream]
[debug] [2021-05-19T13:50:20.049Z] >>> [apiv2][query] POST https://upload-firebasehosting.googleapis.com/upload/sites/red-onion-bbfe4/versions/c88faf76f7527edb/files/942b5a3c163a7a428ec3266832451b33a5bfd2341048c15e0d73112d99e1a640 [none]
[debug] [2021-05-19T13:50:20.049Z] >>> [apiv2][body] POST https://upload-firebasehosting.googleapis.com/upload/sites/red-onion-bbfe4/versions/c88faf76f7527edb/files/942b5a3c163a7a428ec3266832451b33a5bfd2341048c15e0d73112d99e1a640 [stream]
[debug] [2021-05-19T13:50:20.050Z] >>> [apiv2][query] POST https://upload-firebasehosting.googleapis.com/upload/sites/red-onion-bbfe4/versions/c88faf76f7527edb/files/b11a010892f48a297fa4f0f7eb69c9c1e77536386a825e1ebbd76c4613fd8d88 [none]
[debug] [2021-05-19T13:50:20.051Z] >>> [apiv2][body] POST https://upload-firebasehosting.googleapis.com/upload/sites/red-onion-bbfe4/versions/c88faf76f7527edb/files/b11a010892f48a297fa4f0f7eb69c9c1e77536386a825e1ebbd76c4613fd8d88 [stream]
[debug] [2021-05-19T13:50:20.052Z] >>> [apiv2][query] POST https://upload-firebasehosting.googleapis.com/upload/sites/red-onion-bbfe4/versions/c88faf76f7527edb/files/b7501ecd265e8d77c1cc36bd590b92fe5c0f8bac07761fa269c83f1771ce9896 [none]
[debug] [2021-05-19T13:50:20.052Z] >>> [apiv2][body] POST https://upload-firebasehosting.googleapis.com/upload/sites/red-onion-bbfe4/versions/c88faf76f7527edb/files/b7501ecd265e8d77c1cc36bd590b92fe5c0f8bac07761fa269c83f1771ce9896 [stream]
[debug] [2021-05-19T13:50:20.052Z] >>> [apiv2][query] POST https://upload-firebasehosting.googleapis.com/upload/sites/red-onion-bbfe4/versions/c88faf76f7527edb/files/fe8b1159b51e02d6f381e95bf7c379be8220f0e31293073da7a9735c4954dbf3 [none]
[debug] [2021-05-19T13:50:20.053Z] >>> [apiv2][body] POST https://upload-firebasehosting.googleapis.com/upload/sites/red-onion-bbfe4/versions/c88faf76f7527edb/files/fe8b1159b51e02d6f381e95bf7c379be8220f0e31293073da7a9735c4954dbf3 [stream]
[debug] [2021-05-19T13:50:20.053Z] >>> [apiv2][query] POST https://upload-firebasehosting.googleapis.com/upload/sites/red-onion-bbfe4/versions/c88faf76f7527edb/files/1b73a3219e6d8931bd690534f5244122e7c292c8f4f33023ec8075da2601e2f3 [none]
[debug] [2021-05-19T13:50:20.053Z] >>> [apiv2][body] POST https://upload-firebasehosting.googleapis.com/upload/sites/red-onion-bbfe4/versions/c88faf76f7527edb/files/1b73a3219e6d8931bd690534f5244122e7c292c8f4f33023ec8075da2601e2f3 [stream]
[debug] [2021-05-19T13:50:20.054Z] >>> [apiv2][query] POST https://upload-firebasehosting.googleapis.com/upload/sites/red-onion-bbfe4/versions/c88faf76f7527edb/files/eb20f733ab34831bec85b15dc852102060d9ddda13c4a1cffe4af89c3718cc5f [none]
[debug] [2021-05-19T13:50:20.054Z] >>> [apiv2][body] POST https://upload-firebasehosting.googleapis.com/upload/sites/red-onion-bbfe4/versions/c88faf76f7527edb/files/eb20f733ab34831bec85b15dc852102060d9ddda13c4a1cffe4af89c3718cc5f [stream]
[debug] [2021-05-19T13:50:20.055Z] >>> [apiv2][query] POST https://upload-firebasehosting.googleapis.com/upload/sites/red-onion-bbfe4/versions/c88faf76f7527edb/files/907a697a069b9155eee54dee55d9265572e16463875fc3764e9554af344a7b6a [none]
[debug] [2021-05-19T13:50:20.055Z] >>> [apiv2][body] POST https://upload-firebasehosting.googleapis.com/upload/sites/red-onion-bbfe4/versions/c88faf76f7527edb/files/907a697a069b9155eee54dee55d9265572e16463875fc3764e9554af344a7b6a [stream]
[debug] [2021-05-19T13:50:20.056Z] >>> [apiv2][query] POST https://upload-firebasehosting.googleapis.com/upload/sites/red-onion-bbfe4/versions/c88faf76f7527edb/files/bc62d41707a8fb5801ab6227fb2f432ac5012dd2b42e810a8953564d67873657 [none]
[debug] [2021-05-19T13:50:20.056Z] >>> [apiv2][body] POST https://upload-firebasehosting.googleapis.com/upload/sites/red-onion-bbfe4/versions/c88faf76f7527edb/files/bc62d41707a8fb5801ab6227fb2f432ac5012dd2b42e810a8953564d67873657 [stream]
[debug] [2021-05-19T13:50:20.057Z] >>> [apiv2][query] POST https://upload-firebasehosting.googleapis.com/upload/sites/red-onion-bbfe4/versions/c88faf76f7527edb/files/a51136ed1059be1b934a9203889dd63a2b9f7467161d59cf70b694862e4d2901 [none]
[debug] [2021-05-19T13:50:20.057Z] >>> [apiv2][body] POST https://upload-firebasehosting.googleapis.com/upload/sites/red-onion-bbfe4/versions/c88faf76f7527edb/files/a51136ed1059be1b934a9203889dd63a2b9f7467161d59cf70b694862e4d2901 [stream]
[debug] [2021-05-19T13:50:20.057Z] >>> [apiv2][query] POST https://upload-firebasehosting.googleapis.com/upload/sites/red-onion-bbfe4/versions/c88faf76f7527edb/files/ebbee777153770408ed73d4a0fb08f22cb6ff45170c04cac07819d570b90e5bb [none]
[debug] [2021-05-19T13:50:20.058Z] >>> [apiv2][body] POST https://upload-firebasehosting.googleapis.com/upload/sites/red-onion-bbfe4/versions/c88faf76f7527edb/files/ebbee777153770408ed73d4a0fb08f22cb6ff45170c04cac07819d570b90e5bb [stream]
[debug] [2021-05-19T13:50:20.058Z] [hosting][populate queue][FINAL] {"max":1992,"min":1992,"avg":1992,"active":0,"complete":1,"success":1,"errored":0,"retried":0,"total":1,"elapsed":2018}
[debug] [2021-05-19T13:50:20.059Z] [hosting] uploads queued: 23
[debug] [2021-05-19T13:50:37.822Z] [uploadQueue] Retrying task 907a697a069b9155eee54dee55d9265572e16463875fc3764e9554af344a7b6a
[debug] [2021-05-19T13:50:37.824Z] >>> [apiv2][query] POST https://upload-firebasehosting.googleapis.com/upload/sites/red-onion-bbfe4/versions/c88faf76f7527edb/files/907a697a069b9155eee54dee55d9265572e16463875fc3764e9554af344a7b6a [none]
[debug] [2021-05-19T13:50:37.825Z] >>> [apiv2][body] POST https://upload-firebasehosting.googleapis.com/upload/sites/red-onion-bbfe4/versions/c88faf76f7527edb/files/907a697a069b9155eee54dee55d9265572e16463875fc3764e9554af344a7b6a [stream]
[debug] [2021-05-19T13:50:41.470Z] [uploadQueue] Retrying task fe8b1159b51e02d6f381e95bf7c379be8220f0e31293073da7a9735c4954dbf3
[debug] [2021-05-19T13:50:41.472Z] >>> [apiv2][query] POST https://upload-firebasehosting.googleapis.com/upload/sites/red-onion-bbfe4/versions/c88faf76f7527edb/files/fe8b1159b51e02d6f381e95bf7c379be8220f0e31293073da7a9735c4954dbf3 [none]
[debug] [2021-05-19T13:50:41.476Z] >>> [apiv2][body] POST https://upload-firebasehosting.googleapis.com/upload/sites/red-onion-bbfe4/versions/c88faf76f7527edb/files/fe8b1159b51e02d6f381e95bf7c379be8220f0e31293073da7a9735c4954dbf3 [stream]
[debug] [2021-05-19T13:50:41.477Z] [uploadQueue] Retrying task a51136ed1059be1b934a9203889dd63a2b9f7467161d59cf70b694862e4d2901
[debug] [2021-05-19T13:50:41.478Z] >>> [apiv2][query] POST https://upload-firebasehosting.googleapis.com/upload/sites/red-onion-bbfe4/versions/c88faf76f7527edb/files/a51136ed1059be1b934a9203889dd63a2b9f7467161d59cf70b694862e4d2901 [none]
[debug] [2021-05-19T13:50:41.478Z] >>> [apiv2][body] POST https://upload-firebasehosting.googleapis.com/upload/sites/red-onion-bbfe4/versions/c88faf76f7527edb/files/a51136ed1059be1b934a9203889dd63a2b9f7467161d59cf70b694862e4d2901 [stream]
[debug] [2021-05-19T13:50:41.479Z] [uploadQueue] Retrying task eb20f733ab34831bec85b15dc852102060d9ddda13c4a1cffe4af89c3718cc5f
[debug] [2021-05-19T13:50:41.479Z] >>> [apiv2][query] POST https://upload-firebasehosting.googleapis.com/upload/sites/red-onion-bbfe4/versions/c88faf76f7527edb/files/eb20f733ab34831bec85b15dc852102060d9ddda13c4a1cffe4af89c3718cc5f [none]
[debug] [2021-05-19T13:50:41.480Z] >>> [apiv2][body] POST https://upload-firebasehosting.googleapis.com/upload/sites/red-onion-bbfe4/versions/c88faf76f7527edb/files/eb20f733ab34831bec85b15dc852102060d9ddda13c4a1cffe4af89c3718cc5f [stream]
[debug] [2021-05-19T13:50:41.481Z] [uploadQueue] Retrying task ebbee777153770408ed73d4a0fb08f22cb6ff45170c04cac07819d570b90e5bb
[debug] [2021-05-19T13:50:41.481Z] >>> [apiv2][query] POST https://upload-firebasehosting.googleapis.com/upload/sites/red-onion-bbfe4/versions/c88faf76f7527edb/files/ebbee777153770408ed73d4a0fb08f22cb6ff45170c04cac07819d570b90e5bb [none]
[debug] [2021-05-19T13:50:41.481Z] >>> [apiv2][body] POST https://upload-firebasehosting.googleapis.com/upload/sites/red-onion-bbfe4/versions/c88faf76f7527edb/files/ebbee777153770408ed73d4a0fb08f22cb6ff45170c04cac07819d570b90e5bb [stream]
[debug] [2021-05-19T13:50:41.482Z] [uploadQueue] Retrying task 5045ff1240bc9dc72629cf21d3fa7124d52e016a42a30c4d83813da0de26c241
[debug] [2021-05-19T13:50:41.482Z] >>> [apiv2][query] POST https://upload-firebasehosting.googleapis.com/upload/sites/red-onion-bbfe4/versions/c88faf76f7527edb/files/5045ff1240bc9dc72629cf21d3fa7124d52e016a42a30c4d83813da0de26c241 [none]
[debug] [2021-05-19T13:50:41.483Z] >>> [apiv2][body] POST https://upload-firebasehosting.googleapis.com/upload/sites/red-onion-bbfe4/versions/c88faf76f7527edb/files/5045ff1240bc9dc72629cf21d3fa7124d52e016a42a30c4d83813da0de26c241 [stream]
[debug] [2021-05-19T13:50:41.483Z] [uploadQueue] Retrying task b11a010892f48a297fa4f0f7eb69c9c1e77536386a825e1ebbd76c4613fd8d88
[debug] [2021-05-19T13:50:41.484Z] >>> [apiv2][query] POST https://upload-firebasehosting.googleapis.com/upload/sites/red-onion-bbfe4/versions/c88faf76f7527edb/files/b11a010892f48a297fa4f0f7eb69c9c1e77536386a825e1ebbd76c4613fd8d88 [none]
[debug] [2021-05-19T13:50:41.484Z] >>> [apiv2][body] POST https://upload-firebasehosting.googleapis.com/upload/sites/red-onion-bbfe4/versions/c88faf76f7527edb/files/b11a010892f48a297fa4f0f7eb69c9c1e77536386a825e1ebbd76c4613fd8d88 [stream]
[debug] [2021-05-19T13:50:41.485Z] [uploadQueue] Retrying task 1b73a3219e6d8931bd690534f5244122e7c292c8f4f33023ec8075da2601e2f3
[debug] [2021-05-19T13:50:41.485Z] >>> [apiv2][query] POST https://upload-firebasehosting.googleapis.com/upload/sites/red-onion-bbfe4/versions/c88faf76f7527edb/files/1b73a3219e6d8931bd690534f5244122e7c292c8f4f33023ec8075da2601e2f3 [none]
[debug] [2021-05-19T13:50:41.485Z] >>> [apiv2][body] POST https://upload-firebasehosting.googleapis.com/upload/sites/red-onion-bbfe4/versions/c88faf76f7527edb/files/1b73a3219e6d8931bd690534f5244122e7c292c8f4f33023ec8075da2601e2f3 [stream]
[debug] [2021-05-19T13:50:41.486Z] [uploadQueue] Retrying task b7501ecd265e8d77c1cc36bd590b92fe5c0f8bac07761fa269c83f1771ce9896
[debug] [2021-05-19T13:50:41.486Z] >>> [apiv2][query] POST https://upload-firebasehosting.googleapis.com/upload/sites/red-onion-bbfe4/versions/c88faf76f7527edb/files/b7501ecd265e8d77c1cc36bd590b92fe5c0f8bac07761fa269c83f1771ce9896 [none]
[debug] [2021-05-19T13:50:41.487Z] >>> [apiv2][body] POST https://upload-firebasehosting.googleapis.com/upload/sites/red-onion-bbfe4/versions/c88faf76f7527edb/files/b7501ecd265e8d77c1cc36bd590b92fe5c0f8bac07761fa269c83f1771ce9896 [stream]
[debug] [2021-05-19T13:50:41.487Z] [uploadQueue] Retrying task bc62d41707a8fb5801ab6227fb2f432ac5012dd2b42e810a8953564d67873657
[debug] [2021-05-19T13:50:41.488Z] >>> [apiv2][query] POST https://upload-firebasehosting.googleapis.com/upload/sites/red-onion-bbfe4/versions/c88faf76f7527edb/files/bc62d41707a8fb5801ab6227fb2f432ac5012dd2b42e810a8953564d67873657 [none]
[debug] [2021-05-19T13:50:41.488Z] >>> [apiv2][body] POST https://upload-firebasehosting.googleapis.com/upload/sites/red-onion-bbfe4/versions/c88faf76f7527edb/files/bc62d41707a8fb5801ab6227fb2f432ac5012dd2b42e810a8953564d67873657 [stream]
[debug] [2021-05-19T13:50:45.812Z] [uploadQueue] Retrying task 942b5a3c163a7a428ec3266832451b33a5bfd2341048c15e0d73112d99e1a640
[debug] [2021-05-19T13:50:45.813Z] >>> [apiv2][query] POST https://upload-firebasehosting.googleapis.com/upload/sites/red-onion-bbfe4/versions/c88faf76f7527edb/files/942b5a3c163a7a428ec3266832451b33a5bfd2341048c15e0d73112d99e1a640 [none]
[debug] [2021-05-19T13:50:45.814Z] >>> [apiv2][body] POST https://upload-firebasehosting.googleapis.com/upload/sites/red-onion-bbfe4/versions/c88faf76f7527edb/files/942b5a3c163a7a428ec3266832451b33a5bfd2341048c15e0d73112d99e1a640 [stream]
[debug] [2021-05-19T13:50:48.910Z] [uploadQueue] Retrying task 335560fa824bc762ced8b52ba57e789a576d60fe77166eadb40d4e97b0ee50d5
[debug] [2021-05-19T13:50:48.913Z] >>> [apiv2][query] POST https://upload-firebasehosting.googleapis.com/upload/sites/red-onion-bbfe4/versions/c88faf76f7527edb/files/335560fa824bc762ced8b52ba57e789a576d60fe77166eadb40d4e97b0ee50d5 [none]
[debug] [2021-05-19T13:50:48.913Z] >>> [apiv2][body] POST https://upload-firebasehosting.googleapis.com/upload/sites/red-onion-bbfe4/versions/c88faf76f7527edb/files/335560fa824bc762ced8b52ba57e789a576d60fe77166eadb40d4e97b0ee50d5 [stream]
[debug] [2021-05-19T13:50:50.416Z] [uploadQueue] Retrying task 2b0a9fe8c07f4303d4a72d1b98b644faa25f3bd5f010ac3cfcfef3429b802407
[debug] [2021-05-19T13:50:50.417Z] >>> [apiv2][query] POST https://upload-firebasehosting.googleapis.com/upload/sites/red-onion-bbfe4/versions/c88faf76f7527edb/files/2b0a9fe8c07f4303d4a72d1b98b644faa25f3bd5f010ac3cfcfef3429b802407 [none]
[debug] [2021-05-19T13:50:50.418Z] >>> [apiv2][body] POST https://upload-firebasehosting.googleapis.com/upload/sites/red-onion-bbfe4/versions/c88faf76f7527edb/files/2b0a9fe8c07f4303d4a72d1b98b644faa25f3bd5f010ac3cfcfef3429b802407 [stream]
[debug] [2021-05-19T13:50:50.421Z] [uploadQueue] Retrying task c89bbfb0a65a602acbaa58029fbdd1527a1a77595400d7d35dd1de79d1c49fff
[debug] [2021-05-19T13:50:50.421Z] >>> [apiv2][query] POST https://upload-firebasehosting.googleapis.com/upload/sites/red-onion-bbfe4/versions/c88faf76f7527edb/files/c89bbfb0a65a602acbaa58029fbdd1527a1a77595400d7d35dd1de79d1c49fff [none]
[debug] [2021-05-19T13:50:50.421Z] >>> [apiv2][body] POST https://upload-firebasehosting.googleapis.com/upload/sites/red-onion-bbfe4/versions/c88faf76f7527edb/files/c89bbfb0a65a602acbaa58029fbdd1527a1a77595400d7d35dd1de79d1c49fff [stream]
[debug] [2021-05-19T13:50:50.422Z] [uploadQueue] Retrying task 3a887b49858be05f933591ee27ad40231fcc857f286e5944925ad45b622de049
[debug] [2021-05-19T13:50:50.423Z] >>> [apiv2][query] POST https://upload-firebasehosting.googleapis.com/upload/sites/red-onion-bbfe4/versions/c88faf76f7527edb/files/3a887b49858be05f933591ee27ad40231fcc857f286e5944925ad45b622de049 [none]
[debug] [2021-05-19T13:50:50.423Z] >>> [apiv2][body] POST https://upload-firebasehosting.googleapis.com/upload/sites/red-onion-bbfe4/versions/c88faf76f7527edb/files/3a887b49858be05f933591ee27ad40231fcc857f286e5944925ad45b622de049 [stream]
[debug] [2021-05-19T13:50:50.424Z] [uploadQueue] Retrying task 3d776fadb915d835ccbcd4de44e8d1713fe447b90a7e76b6a6bfdd009394530c
[debug] [2021-05-19T13:50:50.425Z] >>> [apiv2][query] POST https://upload-firebasehosting.googleapis.com/upload/sites/red-onion-bbfe4/versions/c88faf76f7527edb/files/3d776fadb915d835ccbcd4de44e8d1713fe447b90a7e76b6a6bfdd009394530c [none]
[debug] [2021-05-19T13:50:50.425Z] >>> [apiv2][body] POST https://upload-firebasehosting.googleapis.com/upload/sites/red-onion-bbfe4/versions/c88faf76f7527edb/files/3d776fadb915d835ccbcd4de44e8d1713fe447b90a7e76b6a6bfdd009394530c [stream]
[debug] [2021-05-19T13:50:50.426Z] [uploadQueue] Retrying task 93a55ca98236032c62752b8a333955d86eb5558b8e0f770133d8f61e55e61bd7
[debug] [2021-05-19T13:50:50.427Z] >>> [apiv2][query] POST https://upload-firebasehosting.googleapis.com/upload/sites/red-onion-bbfe4/versions/c88faf76f7527edb/files/93a55ca98236032c62752b8a333955d86eb5558b8e0f770133d8f61e55e61bd7 [none]
[debug] [2021-05-19T13:50:50.427Z] >>> [apiv2][body] POST https://upload-firebasehosting.googleapis.com/upload/sites/red-onion-bbfe4/versions/c88faf76f7527edb/files/93a55ca98236032c62752b8a333955d86eb5558b8e0f770133d8f61e55e61bd7 [stream]
[debug] [2021-05-19T13:50:50.427Z] [uploadQueue] Retrying task 7b78b2be1c1a69699f779a05c5fb05e0247ca7b29e16e7b116426f5acc12bb9e
[debug] [2021-05-19T13:50:50.428Z] >>> [apiv2][query] POST https://upload-firebasehosting.googleapis.com/upload/sites/red-onion-bbfe4/versions/c88faf76f7527edb/files/7b78b2be1c1a69699f779a05c5fb05e0247ca7b29e16e7b116426f5acc12bb9e [none]
[debug] [2021-05-19T13:50:50.428Z] >>> [apiv2][body] POST https://upload-firebasehosting.googleapis.com/upload/sites/red-onion-bbfe4/versions/c88faf76f7527edb/files/7b78b2be1c1a69699f779a05c5fb05e0247ca7b29e16e7b116426f5acc12bb9e [stream]
[debug] [2021-05-19T13:50:50.429Z] [uploadQueue] Retrying task 75c2ce378ea5e249d866213e28ef053e7b752c4f28964879855c957e7dfc752a
[debug] [2021-05-19T13:50:50.429Z] >>> [apiv2][query] POST https://upload-firebasehosting.googleapis.com/upload/sites/red-onion-bbfe4/versions/c88faf76f7527edb/files/75c2ce378ea5e249d866213e28ef053e7b752c4f28964879855c957e7dfc752a [none]
[debug] [2021-05-19T13:50:50.429Z] >>> [apiv2][body] POST https://upload-firebasehosting.googleapis.com/upload/sites/red-onion-bbfe4/versions/c88faf76f7527edb/files/75c2ce378ea5e249d866213e28ef053e7b752c4f28964879855c957e7dfc752a [stream]
[debug] [2021-05-19T13:50:50.430Z] [uploadQueue] Retrying task 8727725c96f93d08014f90d939b0aa2a31f7880b1f74959224f72c868fa4bef1
[debug] [2021-05-19T13:50:50.430Z] >>> [apiv2][query] POST https://upload-firebasehosting.googleapis.com/upload/sites/red-onion-bbfe4/versions/c88faf76f7527edb/files/8727725c96f93d08014f90d939b0aa2a31f7880b1f74959224f72c868fa4bef1 [none]
[debug] [2021-05-19T13:50:50.430Z] >>> [apiv2][body] POST https://upload-firebasehosting.googleapis.com/upload/sites/red-onion-bbfe4/versions/c88faf76f7527edb/files/8727725c96f93d08014f90d939b0aa2a31f7880b1f74959224f72c868fa4bef1 [stream]
[debug] [2021-05-19T13:50:50.431Z] [uploadQueue] Retrying task 8c6bb2a422de2ce194b1c6f83118482e9a42238e0ce6463968e91f4b6f83b27d
[debug] [2021-05-19T13:50:50.432Z] >>> [apiv2][query] POST https://upload-firebasehosting.googleapis.com/upload/sites/red-onion-bbfe4/versions/c88faf76f7527edb/files/8c6bb2a422de2ce194b1c6f83118482e9a42238e0ce6463968e91f4b6f83b27d [none]
[debug] [2021-05-19T13:50:50.432Z] >>> [apiv2][body] POST https://upload-firebasehosting.googleapis.com/upload/sites/red-onion-bbfe4/versions/c88faf76f7527edb/files/8c6bb2a422de2ce194b1c6f83118482e9a42238e0ce6463968e91f4b6f83b27d [stream]
[debug] [2021-05-19T13:50:51.882Z] [uploadQueue] Retrying task 5570ef855960fb1915a42df1351c95a7efd21739773812becc4025ffd571d215
[debug] [2021-05-19T13:50:51.884Z] >>> [apiv2][query] POST https://upload-firebasehosting.googleapis.com/upload/sites/red-onion-bbfe4/versions/c88faf76f7527edb/files/5570ef855960fb1915a42df1351c95a7efd21739773812becc4025ffd571d215 [none]
[debug] [2021-05-19T13:50:51.884Z] >>> [apiv2][body] POST https://upload-firebasehosting.googleapis.com/upload/sites/red-onion-bbfe4/versions/c88faf76f7527edb/files/5570ef855960fb1915a42df1351c95a7efd21739773812becc4025ffd571d215 [stream]
[debug] [2021-05-19T13:50:53.550Z] [uploadQueue] Retrying task b7501ecd265e8d77c1cc36bd590b92fe5c0f8bac07761fa269c83f1771ce9896
[debug] [2021-05-19T13:50:53.555Z] >>> [apiv2][query] POST https://upload-firebasehosting.googleapis.com/upload/sites/red-onion-bbfe4/versions/c88faf76f7527edb/files/b7501ecd265e8d77c1cc36bd590b92fe5c0f8bac07761fa269c83f1771ce9896 [none]
[debug] [2021-05-19T13:50:53.556Z] >>> [apiv2][body] POST https://upload-firebasehosting.googleapis.com/upload/sites/red-onion-bbfe4/versions/c88faf76f7527edb/files/b7501ecd265e8d77c1cc36bd590b92fe5c0f8bac07761fa269c83f1771ce9896 [stream]
[debug] [2021-05-19T13:50:53.599Z] [uploadQueue] Retrying task ebbee777153770408ed73d4a0fb08f22cb6ff45170c04cac07819d570b90e5bb
[debug] [2021-05-19T13:50:53.600Z] >>> [apiv2][query] POST https://upload-firebasehosting.googleapis.com/upload/sites/red-onion-bbfe4/versions/c88faf76f7527edb/files/ebbee777153770408ed73d4a0fb08f22cb6ff45170c04cac07819d570b90e5bb [none]
[debug] [2021-05-19T13:50:53.600Z] >>> [apiv2][body] POST https://upload-firebasehosting.googleapis.com/upload/sites/red-onion-bbfe4/versions/c88faf76f7527edb/files/ebbee777153770408ed73d4a0fb08f22cb6ff45170c04cac07819d570b90e5bb [stream]
[debug] [2021-05-19T13:50:54.337Z] [uploadQueue] Retrying task 097ca4982d681e7789199de903af2b457c7fa9153625ff34e3b6d9abe26ff25c
[debug] [2021-05-19T13:50:54.339Z] >>> [apiv2][query] POST https://upload-firebasehosting.googleapis.com/upload/sites/red-onion-bbfe4/versions/c88faf76f7527edb/files/097ca4982d681e7789199de903af2b457c7fa9153625ff34e3b6d9abe26ff25c [none]
[debug] [2021-05-19T13:50:54.340Z] >>> [apiv2][body] POST https://upload-firebasehosting.googleapis.com/upload/sites/red-onion-bbfe4/versions/c88faf76f7527edb/files/097ca4982d681e7789199de903af2b457c7fa9153625ff34e3b6d9abe26ff25c [stream]
[debug] [2021-05-19T13:50:59.527Z] [uploadQueue] Retrying task 1b73a3219e6d8931bd690534f5244122e7c292c8f4f33023ec8075da2601e2f3
[debug] [2021-05-19T13:50:59.529Z] >>> [apiv2][query] POST https://upload-firebasehosting.googleapis.com/upload/sites/red-onion-bbfe4/versions/c88faf76f7527edb/files/1b73a3219e6d8931bd690534f5244122e7c292c8f4f33023ec8075da2601e2f3 [none]
[debug] [2021-05-19T13:50:59.533Z] >>> [apiv2][body] POST https://upload-firebasehosting.googleapis.com/upload/sites/red-onion-bbfe4/versions/c88faf76f7527edb/files/1b73a3219e6d8931bd690534f5244122e7c292c8f4f33023ec8075da2601e2f3 [stream]
[debug] [2021-05-19T13:50:59.925Z] [uploadQueue] Retrying task 942b5a3c163a7a428ec3266832451b33a5bfd2341048c15e0d73112d99e1a640
[debug] [2021-05-19T13:50:59.927Z] >>> [apiv2][query] POST https://upload-firebasehosting.googleapis.com/upload/sites/red-onion-bbfe4/versions/c88faf76f7527edb/files/942b5a3c163a7a428ec3266832451b33a5bfd2341048c15e0d73112d99e1a640 [none]
[debug] [2021-05-19T13:50:59.927Z] >>> [apiv2][body] POST https://upload-firebasehosting.googleapis.com/upload/sites/red-onion-bbfe4/versions/c88faf76f7527edb/files/942b5a3c163a7a428ec3266832451b33a5bfd2341048c15e0d73112d99e1a640 [stream]
[debug] [2021-05-19T13:51:03.578Z] [uploadQueue] Retrying task 75c2ce378ea5e249d866213e28ef053e7b752c4f28964879855c957e7dfc752a
[debug] [2021-05-19T13:51:03.580Z] >>> [apiv2][query] POST https://upload-firebasehosting.googleapis.com/upload/sites/red-onion-bbfe4/versions/c88faf76f7527edb/files/75c2ce378ea5e249d866213e28ef053e7b752c4f28964879855c957e7dfc752a [none]
[debug] [2021-05-19T13:51:03.581Z] >>> [apiv2][body] POST https://upload-firebasehosting.googleapis.com/upload/sites/red-onion-bbfe4/versions/c88faf76f7527edb/files/75c2ce378ea5e249d866213e28ef053e7b752c4f28964879855c957e7dfc752a [stream]
[debug] [2021-05-19T13:51:05.569Z] [uploadQueue] Retrying task 3a887b49858be05f933591ee27ad40231fcc857f286e5944925ad45b622de049
[debug] [2021-05-19T13:51:05.571Z] >>> [apiv2][query] POST https://upload-firebasehosting.googleapis.com/upload/sites/red-onion-bbfe4/versions/c88faf76f7527edb/files/3a887b49858be05f933591ee27ad40231fcc857f286e5944925ad45b622de049 [none]
[debug] [2021-05-19T13:51:05.572Z] >>> [apiv2][body] POST https://upload-firebasehosting.googleapis.com/upload/sites/red-onion-bbfe4/versions/c88faf76f7527edb/files/3a887b49858be05f933591ee27ad40231fcc857f286e5944925ad45b622de049 [stream]
[debug] [2021-05-19T13:51:08.582Z] [uploadQueue] Retrying task 7b78b2be1c1a69699f779a05c5fb05e0247ca7b29e16e7b116426f5acc12bb9e
[debug] [2021-05-19T13:51:08.584Z] >>> [apiv2][query] POST https://upload-firebasehosting.googleapis.com/upload/sites/red-onion-bbfe4/versions/c88faf76f7527edb/files/7b78b2be1c1a69699f779a05c5fb05e0247ca7b29e16e7b116426f5acc12bb9e [none]
[debug] [2021-05-19T13:51:08.585Z] >>> [apiv2][body] POST https://upload-firebasehosting.googleapis.com/upload/sites/red-onion-bbfe4/versions/c88faf76f7527edb/files/7b78b2be1c1a69699f779a05c5fb05e0247ca7b29e16e7b116426f5acc12bb9e [stream]
[debug] [2021-05-19T13:51:08.626Z] [uploadQueue] Retrying task 907a697a069b9155eee54dee55d9265572e16463875fc3764e9554af344a7b6a
[debug] [2021-05-19T13:51:08.628Z] >>> [apiv2][query] POST https://upload-firebasehosting.googleapis.com/upload/sites/red-onion-bbfe4/versions/c88faf76f7527edb/files/907a697a069b9155eee54dee55d9265572e16463875fc3764e9554af344a7b6a [none]
[debug] [2021-05-19T13:51:08.628Z] >>> [apiv2][body] POST https://upload-firebasehosting.googleapis.com/upload/sites/red-onion-bbfe4/versions/c88faf76f7527edb/files/907a697a069b9155eee54dee55d9265572e16463875fc3764e9554af344a7b6a [stream]
[debug] [2021-05-19T13:51:12.275Z] [uploadQueue] Retrying task fe8b1159b51e02d6f381e95bf7c379be8220f0e31293073da7a9735c4954dbf3
[debug] [2021-05-19T13:51:12.279Z] >>> [apiv2][query] POST https://upload-firebasehosting.googleapis.com/upload/sites/red-onion-bbfe4/versions/c88faf76f7527edb/files/fe8b1159b51e02d6f381e95bf7c379be8220f0e31293073da7a9735c4954dbf3 [none]
[debug] [2021-05-19T13:51:12.279Z] >>> [apiv2][body] POST https://upload-firebasehosting.googleapis.com/upload/sites/red-onion-bbfe4/versions/c88faf76f7527edb/files/fe8b1159b51e02d6f381e95bf7c379be8220f0e31293073da7a9735c4954dbf3 [stream]
[debug] [2021-05-19T13:51:12.280Z] [uploadQueue] Retrying task a51136ed1059be1b934a9203889dd63a2b9f7467161d59cf70b694862e4d2901
[debug] [2021-05-19T13:51:12.281Z] >>> [apiv2][query] POST https://upload-firebasehosting.googleapis.com/upload/sites/red-onion-bbfe4/versions/c88faf76f7527edb/files/a51136ed1059be1b934a9203889dd63a2b9f7467161d59cf70b694862e4d2901 [none]
[debug] [2021-05-19T13:51:12.281Z] >>> [apiv2][body] POST https://upload-firebasehosting.googleapis.com/upload/sites/red-onion-bbfe4/versions/c88faf76f7527edb/files/a51136ed1059be1b934a9203889dd63a2b9f7467161d59cf70b694862e4d2901 [stream]
[debug] [2021-05-19T13:51:12.282Z] [uploadQueue] Retrying task eb20f733ab34831bec85b15dc852102060d9ddda13c4a1cffe4af89c3718cc5f
[debug] [2021-05-19T13:51:12.282Z] >>> [apiv2][query] POST https://upload-firebasehosting.googleapis.com/upload/sites/red-onion-bbfe4/versions/c88faf76f7527edb/files/eb20f733ab34831bec85b15dc852102060d9ddda13c4a1cffe4af89c3718cc5f [none]
[debug] [2021-05-19T13:51:12.282Z] >>> [apiv2][body] POST https://upload-firebasehosting.googleapis.com/upload/sites/red-onion-bbfe4/versions/c88faf76f7527edb/files/eb20f733ab34831bec85b15dc852102060d9ddda13c4a1cffe4af89c3718cc5f [stream]
[debug] [2021-05-19T13:51:12.284Z] [uploadQueue] Retrying task 5045ff1240bc9dc72629cf21d3fa7124d52e016a42a30c4d83813da0de26c241
[debug] [2021-05-19T13:51:12.284Z] >>> [apiv2][query] POST https://upload-firebasehosting.googleapis.com/upload/sites/red-onion-bbfe4/versions/c88faf76f7527edb/files/5045ff1240bc9dc72629cf21d3fa7124d52e016a42a30c4d83813da0de26c241 [none]
[debug] [2021-05-19T13:51:12.284Z] >>> [apiv2][body] POST https://upload-firebasehosting.googleapis.com/upload/sites/red-onion-bbfe4/versions/c88faf76f7527edb/files/5045ff1240bc9dc72629cf21d3fa7124d52e016a42a30c4d83813da0de26c241 [stream]
[debug] [2021-05-19T13:51:12.288Z] [uploadQueue] Retrying task bc62d41707a8fb5801ab6227fb2f432ac5012dd2b42e810a8953564d67873657
[debug] [2021-05-19T13:51:12.289Z] >>> [apiv2][query] POST https://upload-firebasehosting.googleapis.com/upload/sites/red-onion-bbfe4/versions/c88faf76f7527edb/files/bc62d41707a8fb5801ab6227fb2f432ac5012dd2b42e810a8953564d67873657 [none]
[debug] [2021-05-19T13:51:12.289Z] >>> [apiv2][body] POST https://upload-firebasehosting.googleapis.com/upload/sites/red-onion-bbfe4/versions/c88faf76f7527edb/files/bc62d41707a8fb5801ab6227fb2f432ac5012dd2b42e810a8953564d67873657 [stream]
[debug] [2021-05-19T13:51:13.527Z] [uploadQueue] Retrying task b11a010892f48a297fa4f0f7eb69c9c1e77536386a825e1ebbd76c4613fd8d88
[debug] [2021-05-19T13:51:13.529Z] >>> [apiv2][query] POST https://upload-firebasehosting.googleapis.com/upload/sites/red-onion-bbfe4/versions/c88faf76f7527edb/files/b11a010892f48a297fa4f0f7eb69c9c1e77536386a825e1ebbd76c4613fd8d88 [none]
[debug] [2021-05-19T13:51:13.530Z] >>> [apiv2][body] POST https://upload-firebasehosting.googleapis.com/upload/sites/red-onion-bbfe4/versions/c88faf76f7527edb/files/b11a010892f48a297fa4f0f7eb69c9c1e77536386a825e1ebbd76c4613fd8d88 [stream]
[debug] [2021-05-19T13:51:17.555Z] [uploadQueue] Retrying task c89bbfb0a65a602acbaa58029fbdd1527a1a77595400d7d35dd1de79d1c49fff
[debug] [2021-05-19T13:51:17.557Z] >>> [apiv2][query] POST https://upload-firebasehosting.googleapis.com/upload/sites/red-onion-bbfe4/versions/c88faf76f7527edb/files/c89bbfb0a65a602acbaa58029fbdd1527a1a77595400d7d35dd1de79d1c49fff [none]
[debug] [2021-05-19T13:51:17.557Z] >>> [apiv2][body] POST https://upload-firebasehosting.googleapis.com/upload/sites/red-onion-bbfe4/versions/c88faf76f7527edb/files/c89bbfb0a65a602acbaa58029fbdd1527a1a77595400d7d35dd1de79d1c49fff [stream]
[debug] [2021-05-19T13:51:19.714Z] [uploadQueue] Retrying task 335560fa824bc762ced8b52ba57e789a576d60fe77166eadb40d4e97b0ee50d5
[debug] [2021-05-19T13:51:19.717Z] >>> [apiv2][query] POST https://upload-firebasehosting.googleapis.com/upload/sites/red-onion-bbfe4/versions/c88faf76f7527edb/files/335560fa824bc762ced8b52ba57e789a576d60fe77166eadb40d4e97b0ee50d5 [none]
[debug] [2021-05-19T13:51:19.717Z] >>> [apiv2][body] POST https://upload-firebasehosting.googleapis.com/upload/sites/red-onion-bbfe4/versions/c88faf76f7527edb/files/335560fa824bc762ced8b52ba57e789a576d60fe77166eadb40d4e97b0ee50d5 [stream]
[debug] [2021-05-19T13:51:21.220Z] [uploadQueue] Retrying task 2b0a9fe8c07f4303d4a72d1b98b644faa25f3bd5f010ac3cfcfef3429b802407
[debug] [2021-05-19T13:51:21.222Z] >>> [apiv2][query] POST https://upload-firebasehosting.googleapis.com/upload/sites/red-onion-bbfe4/versions/c88faf76f7527edb/files/2b0a9fe8c07f4303d4a72d1b98b644faa25f3bd5f010ac3cfcfef3429b802407 [none]
[debug] [2021-05-19T13:51:21.222Z] >>> [apiv2][body] POST https://upload-firebasehosting.googleapis.com/upload/sites/red-onion-bbfe4/versions/c88faf76f7527edb/files/2b0a9fe8c07f4303d4a72d1b98b644faa25f3bd5f010ac3cfcfef3429b802407 [stream]
[debug] [2021-05-19T13:51:21.229Z] [uploadQueue] Retrying task 3d776fadb915d835ccbcd4de44e8d1713fe447b90a7e76b6a6bfdd009394530c
[debug] [2021-05-19T13:51:21.231Z] >>> [apiv2][query] POST https://upload-firebasehosting.googleapis.com/upload/sites/red-onion-bbfe4/versions/c88faf76f7527edb/files/3d776fadb915d835ccbcd4de44e8d1713fe447b90a7e76b6a6bfdd009394530c [none]
[debug] [2021-05-19T13:51:21.231Z] >>> [apiv2][body] POST https://upload-firebasehosting.googleapis.com/upload/sites/red-onion-bbfe4/versions/c88faf76f7527edb/files/3d776fadb915d835ccbcd4de44e8d1713fe447b90a7e76b6a6bfdd009394530c [stream]
[debug] [2021-05-19T13:51:21.233Z] [uploadQueue] Retrying task 93a55ca98236032c62752b8a333955d86eb5558b8e0f770133d8f61e55e61bd7
[debug] [2021-05-19T13:51:21.234Z] >>> [apiv2][query] POST https://upload-firebasehosting.googleapis.com/upload/sites/red-onion-bbfe4/versions/c88faf76f7527edb/files/93a55ca98236032c62752b8a333955d86eb5558b8e0f770133d8f61e55e61bd7 [none]
[debug] [2021-05-19T13:51:21.234Z] >>> [apiv2][body] POST https://upload-firebasehosting.googleapis.com/upload/sites/red-onion-bbfe4/versions/c88faf76f7527edb/files/93a55ca98236032c62752b8a333955d86eb5558b8e0f770133d8f61e55e61bd7 [stream]
[debug] [2021-05-19T13:51:21.234Z] [uploadQueue] Retrying task 8727725c96f93d08014f90d939b0aa2a31f7880b1f74959224f72c868fa4bef1
[debug] [2021-05-19T13:51:21.235Z] >>> [apiv2][query] POST https://upload-firebasehosting.googleapis.com/upload/sites/red-onion-bbfe4/versions/c88faf76f7527edb/files/8727725c96f93d08014f90d939b0aa2a31f7880b1f74959224f72c868fa4bef1 [none]
[debug] [2021-05-19T13:51:21.235Z] >>> [apiv2][body] POST https://upload-firebasehosting.googleapis.com/upload/sites/red-onion-bbfe4/versions/c88faf76f7527edb/files/8727725c96f93d08014f90d939b0aa2a31f7880b1f74959224f72c868fa4bef1 [stream]
[debug] [2021-05-19T13:51:21.236Z] [uploadQueue] Retrying task 8c6bb2a422de2ce194b1c6f83118482e9a42238e0ce6463968e91f4b6f83b27d
[debug] [2021-05-19T13:51:21.236Z] >>> [apiv2][query] POST https://upload-firebasehosting.googleapis.com/upload/sites/red-onion-bbfe4/versions/c88faf76f7527edb/files/8c6bb2a422de2ce194b1c6f83118482e9a42238e0ce6463968e91f4b6f83b27d [none]
[debug] [2021-05-19T13:51:21.236Z] >>> [apiv2][body] POST https://upload-firebasehosting.googleapis.com/upload/sites/red-onion-bbfe4/versions/c88faf76f7527edb/files/8c6bb2a422de2ce194b1c6f83118482e9a42238e0ce6463968e91f4b6f83b27d [stream]
[debug] [2021-05-19T13:51:24.146Z] [uploadQueue] Retrying task 5570ef855960fb1915a42df1351c95a7efd21739773812becc4025ffd571d215
[debug] [2021-05-19T13:51:24.148Z] >>> [apiv2][query] POST https://upload-firebasehosting.googleapis.com/upload/sites/red-onion-bbfe4/versions/c88faf76f7527edb/files/5570ef855960fb1915a42df1351c95a7efd21739773812becc4025ffd571d215 [none]
[debug] [2021-05-19T13:51:24.148Z] >>> [apiv2][body] POST https://upload-firebasehosting.googleapis.com/upload/sites/red-onion-bbfe4/versions/c88faf76f7527edb/files/5570ef855960fb1915a42df1351c95a7efd21739773812becc4025ffd571d215 [stream]
[debug] [2021-05-19T13:51:25.152Z] [uploadQueue] Retrying task b7501ecd265e8d77c1cc36bd590b92fe5c0f8bac07761fa269c83f1771ce9896
[debug] [2021-05-19T13:51:25.154Z] >>> [apiv2][query] POST https://upload-firebasehosting.googleapis.com/upload/sites/red-onion-bbfe4/versions/c88faf76f7527edb/files/b7501ecd265e8d77c1cc36bd590b92fe5c0f8bac07761fa269c83f1771ce9896 [none]
[debug] [2021-05-19T13:51:25.155Z] >>> [apiv2][body] POST https://upload-firebasehosting.googleapis.com/upload/sites/red-onion-bbfe4/versions/c88faf76f7527edb/files/b7501ecd265e8d77c1cc36bd590b92fe5c0f8bac07761fa269c83f1771ce9896 [stream]
[debug] [2021-05-19T13:51:25.203Z] [uploadQueue] Retrying task ebbee777153770408ed73d4a0fb08f22cb6ff45170c04cac07819d570b90e5bb
[debug] [2021-05-19T13:51:25.204Z] >>> [apiv2][query] POST https://upload-firebasehosting.googleapis.com/upload/sites/red-onion-bbfe4/versions/c88faf76f7527edb/files/ebbee777153770408ed73d4a0fb08f22cb6ff45170c04cac07819d570b90e5bb [none]
[debug] [2021-05-19T13:51:25.204Z] >>> [apiv2][body] POST https://upload-firebasehosting.googleapis.com/upload/sites/red-onion-bbfe4/versions/c88faf76f7527edb/files/ebbee777153770408ed73d4a0fb08f22cb6ff45170c04cac07819d570b90e5bb [stream]
[debug] [2021-05-19T13:51:29.060Z] [uploadQueue] Retrying task 097ca4982d681e7789199de903af2b457c7fa9153625ff34e3b6d9abe26ff25c
[debug] [2021-05-19T13:51:29.062Z] >>> [apiv2][query] POST https://upload-firebasehosting.googleapis.com/upload/sites/red-onion-bbfe4/versions/c88faf76f7527edb/files/097ca4982d681e7789199de903af2b457c7fa9153625ff34e3b6d9abe26ff25c [none]
[debug] [2021-05-19T13:51:29.063Z] >>> [apiv2][body] POST https://upload-firebasehosting.googleapis.com/upload/sites/red-onion-bbfe4/versions/c88faf76f7527edb/files/097ca4982d681e7789199de903af2b457c7fa9153625ff34e3b6d9abe26ff25c [stream]
[debug] [2021-05-19T13:51:31.130Z] [uploadQueue] Retrying task 1b73a3219e6d8931bd690534f5244122e7c292c8f4f33023ec8075da2601e2f3
[debug] [2021-05-19T13:51:31.133Z] >>> [apiv2][query] POST https://upload-firebasehosting.googleapis.com/upload/sites/red-onion-bbfe4/versions/c88faf76f7527edb/files/1b73a3219e6d8931bd690534f5244122e7c292c8f4f33023ec8075da2601e2f3 [none]
[debug] [2021-05-19T13:51:31.134Z] >>> [apiv2][body] POST https://upload-firebasehosting.googleapis.com/upload/sites/red-onion-bbfe4/versions/c88faf76f7527edb/files/1b73a3219e6d8931bd690534f5244122e7c292c8f4f33023ec8075da2601e2f3 [stream]
[debug] [2021-05-19T13:51:31.528Z] [uploadQueue] Retrying task 942b5a3c163a7a428ec3266832451b33a5bfd2341048c15e0d73112d99e1a640
[debug] [2021-05-19T13:51:31.530Z] >>> [apiv2][query] POST https://upload-firebasehosting.googleapis.com/upload/sites/red-onion-bbfe4/versions/c88faf76f7527edb/files/942b5a3c163a7a428ec3266832451b33a5bfd2341048c15e0d73112d99e1a640 [none]
[debug] [2021-05-19T13:51:31.530Z] >>> [apiv2][body] POST https://upload-firebasehosting.googleapis.com/upload/sites/red-onion-bbfe4/versions/c88faf76f7527edb/files/942b5a3c163a7a428ec3266832451b33a5bfd2341048c15e0d73112d99e1a640 [stream]
[debug] [2021-05-19T13:51:35.182Z] [uploadQueue] Retrying task 75c2ce378ea5e249d866213e28ef053e7b752c4f28964879855c957e7dfc752a
[debug] [2021-05-19T13:51:35.185Z] >>> [apiv2][query] POST https://upload-firebasehosting.googleapis.com/upload/sites/red-onion-bbfe4/versions/c88faf76f7527edb/files/75c2ce378ea5e249d866213e28ef053e7b752c4f28964879855c957e7dfc752a [none]
[debug] [2021-05-19T13:51:35.185Z] >>> [apiv2][body] POST https://upload-firebasehosting.googleapis.com/upload/sites/red-onion-bbfe4/versions/c88faf76f7527edb/files/75c2ce378ea5e249d866213e28ef053e7b752c4f28964879855c957e7dfc752a [stream]
[debug] [2021-05-19T13:51:37.174Z] [uploadQueue] Retrying task 3a887b49858be05f933591ee27ad40231fcc857f286e5944925ad45b622de049
[debug] [2021-05-19T13:51:37.176Z] >>> [apiv2][query] POST https://upload-firebasehosting.googleapis.com/upload/sites/red-onion-bbfe4/versions/c88faf76f7527edb/files/3a887b49858be05f933591ee27ad40231fcc857f286e5944925ad45b622de049 [none]
[debug] [2021-05-19T13:51:37.176Z] >>> [apiv2][body] POST https://upload-firebasehosting.googleapis.com/upload/sites/red-onion-bbfe4/versions/c88faf76f7527edb/files/3a887b49858be05f933591ee27ad40231fcc857f286e5944925ad45b622de049 [stream]
[debug] [2021-05-19T13:51:40.184Z] [uploadQueue] Retrying task 7b78b2be1c1a69699f779a05c5fb05e0247ca7b29e16e7b116426f5acc12bb9e
[debug] [2021-05-19T13:51:40.186Z] >>> [apiv2][query] POST https://upload-firebasehosting.googleapis.com/upload/sites/red-onion-bbfe4/versions/c88faf76f7527edb/files/7b78b2be1c1a69699f779a05c5fb05e0247ca7b29e16e7b116426f5acc12bb9e [none]
[debug] [2021-05-19T13:51:40.186Z] >>> [apiv2][body] POST https://upload-firebasehosting.googleapis.com/upload/sites/red-onion-bbfe4/versions/c88faf76f7527edb/files/7b78b2be1c1a69699f779a05c5fb05e0247ca7b29e16e7b116426f5acc12bb9e [stream]
[debug] [2021-05-19T13:51:40.229Z] [uploadQueue] Retrying task 907a697a069b9155eee54dee55d9265572e16463875fc3764e9554af344a7b6a
[debug] [2021-05-19T13:51:40.229Z] >>> [apiv2][query] POST https://upload-firebasehosting.googleapis.com/upload/sites/red-onion-bbfe4/versions/c88faf76f7527edb/files/907a697a069b9155eee54dee55d9265572e16463875fc3764e9554af344a7b6a [none]
[debug] [2021-05-19T13:51:40.230Z] >>> [apiv2][body] POST https://upload-firebasehosting.googleapis.com/upload/sites/red-onion-bbfe4/versions/c88faf76f7527edb/files/907a697a069b9155eee54dee55d9265572e16463875fc3764e9554af344a7b6a [stream]
[debug] [2021-05-19T13:51:43.890Z] [uploadQueue] Retrying task fe8b1159b51e02d6f381e95bf7c379be8220f0e31293073da7a9735c4954dbf3
[debug] [2021-05-19T13:51:43.892Z] >>> [apiv2][query] POST https://upload-firebasehosting.googleapis.com/upload/sites/red-onion-bbfe4/versions/c88faf76f7527edb/files/fe8b1159b51e02d6f381e95bf7c379be8220f0e31293073da7a9735c4954dbf3 [none]
[debug] [2021-05-19T13:51:43.892Z] >>> [apiv2][body] POST https://upload-firebasehosting.googleapis.com/upload/sites/red-onion-bbfe4/versions/c88faf76f7527edb/files/fe8b1159b51e02d6f381e95bf7c379be8220f0e31293073da7a9735c4954dbf3 [stream]
[debug] [2021-05-19T13:51:43.896Z] [uploadQueue] Retrying task a51136ed1059be1b934a9203889dd63a2b9f7467161d59cf70b694862e4d2901
[debug] [2021-05-19T13:51:43.897Z] >>> [apiv2][query] POST https://upload-firebasehosting.googleapis.com/upload/sites/red-onion-bbfe4/versions/c88faf76f7527edb/files/a51136ed1059be1b934a9203889dd63a2b9f7467161d59cf70b694862e4d2901 [none]
[debug] [2021-05-19T13:51:43.898Z] >>> [apiv2][body] POST https://upload-firebasehosting.googleapis.com/upload/sites/red-onion-bbfe4/versions/c88faf76f7527edb/files/a51136ed1059be1b934a9203889dd63a2b9f7467161d59cf70b694862e4d2901 [stream]
[debug] [2021-05-19T13:51:43.901Z] [uploadQueue] Retrying task eb20f733ab34831bec85b15dc852102060d9ddda13c4a1cffe4af89c3718cc5f
[debug] [2021-05-19T13:51:43.902Z] >>> [apiv2][query] POST https://upload-firebasehosting.googleapis.com/upload/sites/red-onion-bbfe4/versions/c88faf76f7527edb/files/eb20f733ab34831bec85b15dc852102060d9ddda13c4a1cffe4af89c3718cc5f [none]
[debug] [2021-05-19T13:51:43.903Z] >>> [apiv2][body] POST https://upload-firebasehosting.googleapis.com/upload/sites/red-onion-bbfe4/versions/c88faf76f7527edb/files/eb20f733ab34831bec85b15dc852102060d9ddda13c4a1cffe4af89c3718cc5f [stream]
[debug] [2021-05-19T13:51:43.906Z] [uploadQueue] Retrying task 5045ff1240bc9dc72629cf21d3fa7124d52e016a42a30c4d83813da0de26c241
[debug] [2021-05-19T13:51:43.907Z] >>> [apiv2][query] POST https://upload-firebasehosting.googleapis.com/upload/sites/red-onion-bbfe4/versions/c88faf76f7527edb/files/5045ff1240bc9dc72629cf21d3fa7124d52e016a42a30c4d83813da0de26c241 [none]
[debug] [2021-05-19T13:51:43.907Z] >>> [apiv2][body] POST https://upload-firebasehosting.googleapis.com/upload/sites/red-onion-bbfe4/versions/c88faf76f7527edb/files/5045ff1240bc9dc72629cf21d3fa7124d52e016a42a30c4d83813da0de26c241 [stream]
[debug] [2021-05-19T13:51:43.909Z] [uploadQueue] Retrying task bc62d41707a8fb5801ab6227fb2f432ac5012dd2b42e810a8953564d67873657
[debug] [2021-05-19T13:51:43.910Z] >>> [apiv2][query] POST https://upload-firebasehosting.googleapis.com/upload/sites/red-onion-bbfe4/versions/c88faf76f7527edb/files/bc62d41707a8fb5801ab6227fb2f432ac5012dd2b42e810a8953564d67873657 [none]
[debug] [2021-05-19T13:51:43.911Z] >>> [apiv2][body] POST https://upload-firebasehosting.googleapis.com/upload/sites/red-onion-bbfe4/versions/c88faf76f7527edb/files/bc62d41707a8fb5801ab6227fb2f432ac5012dd2b42e810a8953564d67873657 [stream]
[debug] [2021-05-19T13:51:46.389Z] [uploadQueue] Retrying task b11a010892f48a297fa4f0f7eb69c9c1e77536386a825e1ebbd76c4613fd8d88
[debug] [2021-05-19T13:51:46.391Z] >>> [apiv2][query] POST https://upload-firebasehosting.googleapis.com/upload/sites/red-onion-bbfe4/versions/c88faf76f7527edb/files/b11a010892f48a297fa4f0f7eb69c9c1e77536386a825e1ebbd76c4613fd8d88 [none]
[debug] [2021-05-19T13:51:46.392Z] >>> [apiv2][body] POST https://upload-firebasehosting.googleapis.com/upload/sites/red-onion-bbfe4/versions/c88faf76f7527edb/files/b11a010892f48a297fa4f0f7eb69c9c1e77536386a825e1ebbd76c4613fd8d88 [stream]
[debug] [2021-05-19T13:51:49.175Z] [uploadQueue] Retrying task c89bbfb0a65a602acbaa58029fbdd1527a1a77595400d7d35dd1de79d1c49fff
[debug] [2021-05-19T13:51:49.177Z] >>> [apiv2][query] POST https://upload-firebasehosting.googleapis.com/upload/sites/red-onion-bbfe4/versions/c88faf76f7527edb/files/c89bbfb0a65a602acbaa58029fbdd1527a1a77595400d7d35dd1de79d1c49fff [none]
[debug] [2021-05-19T13:51:49.178Z] >>> [apiv2][body] POST https://upload-firebasehosting.googleapis.com/upload/sites/red-onion-bbfe4/versions/c88faf76f7527edb/files/c89bbfb0a65a602acbaa58029fbdd1527a1a77595400d7d35dd1de79d1c49fff [stream]
[debug] [2021-05-19T13:51:51.318Z] [uploadQueue] Retrying task 335560fa824bc762ced8b52ba57e789a576d60fe77166eadb40d4e97b0ee50d5
[debug] [2021-05-19T13:51:51.320Z] >>> [apiv2][query] POST https://upload-firebasehosting.googleapis.com/upload/sites/red-onion-bbfe4/versions/c88faf76f7527edb/files/335560fa824bc762ced8b52ba57e789a576d60fe77166eadb40d4e97b0ee50d5 [none]
[debug] [2021-05-19T13:51:51.320Z] >>> [apiv2][body] POST https://upload-firebasehosting.googleapis.com/upload/sites/red-onion-bbfe4/versions/c88faf76f7527edb/files/335560fa824bc762ced8b52ba57e789a576d60fe77166eadb40d4e97b0ee50d5 [stream]
[debug] [2021-05-19T13:51:52.831Z] [uploadQueue] Retrying task 2b0a9fe8c07f4303d4a72d1b98b644faa25f3bd5f010ac3cfcfef3429b802407
[debug] [2021-05-19T13:51:52.833Z] >>> [apiv2][query] POST https://upload-firebasehosting.googleapis.com/upload/sites/red-onion-bbfe4/versions/c88faf76f7527edb/files/2b0a9fe8c07f4303d4a72d1b98b644faa25f3bd5f010ac3cfcfef3429b802407 [none]
[debug] [2021-05-19T13:51:52.834Z] >>> [apiv2][body] POST https://upload-firebasehosting.googleapis.com/upload/sites/red-onion-bbfe4/versions/c88faf76f7527edb/files/2b0a9fe8c07f4303d4a72d1b98b644faa25f3bd5f010ac3cfcfef3429b802407 [stream]
[debug] [2021-05-19T13:51:52.840Z] [uploadQueue] Retrying task 3d776fadb915d835ccbcd4de44e8d1713fe447b90a7e76b6a6bfdd009394530c
[debug] [2021-05-19T13:51:52.845Z] >>> [apiv2][query] POST https://upload-firebasehosting.googleapis.com/upload/sites/red-onion-bbfe4/versions/c88faf76f7527edb/files/3d776fadb915d835ccbcd4de44e8d1713fe447b90a7e76b6a6bfdd009394530c [none]
[debug] [2021-05-19T13:51:52.845Z] >>> [apiv2][body] POST https://upload-firebasehosting.googleapis.com/upload/sites/red-onion-bbfe4/versions/c88faf76f7527edb/files/3d776fadb915d835ccbcd4de44e8d1713fe447b90a7e76b6a6bfdd009394530c [stream]
[debug] [2021-05-19T13:51:52.847Z] [uploadQueue] Retrying task 93a55ca98236032c62752b8a333955d86eb5558b8e0f770133d8f61e55e61bd7
[debug] [2021-05-19T13:51:52.848Z] >>> [apiv2][query] POST https://upload-firebasehosting.googleapis.com/upload/sites/red-onion-bbfe4/versions/c88faf76f7527edb/files/93a55ca98236032c62752b8a333955d86eb5558b8e0f770133d8f61e55e61bd7 [none]
[debug] [2021-05-19T13:51:52.848Z] >>> [apiv2][body] POST https://upload-firebasehosting.googleapis.com/upload/sites/red-onion-bbfe4/versions/c88faf76f7527edb/files/93a55ca98236032c62752b8a333955d86eb5558b8e0f770133d8f61e55e61bd7 [stream]
[debug] [2021-05-19T13:51:52.849Z] [uploadQueue] Retrying task 8727725c96f93d08014f90d939b0aa2a31f7880b1f74959224f72c868fa4bef1
[debug] [2021-05-19T13:51:52.850Z] >>> [apiv2][query] POST https://upload-firebasehosting.googleapis.com/upload/sites/red-onion-bbfe4/versions/c88faf76f7527edb/files/8727725c96f93d08014f90d939b0aa2a31f7880b1f74959224f72c868fa4bef1 [none]
[debug] [2021-05-19T13:51:52.850Z] >>> [apiv2][body] POST https://upload-firebasehosting.googleapis.com/upload/sites/red-onion-bbfe4/versions/c88faf76f7527edb/files/8727725c96f93d08014f90d939b0aa2a31f7880b1f74959224f72c868fa4bef1 [stream]
[debug] [2021-05-19T13:51:52.852Z] [uploadQueue] Retrying task 8c6bb2a422de2ce194b1c6f83118482e9a42238e0ce6463968e91f4b6f83b27d
[debug] [2021-05-19T13:51:52.852Z] >>> [apiv2][query] POST https://upload-firebasehosting.googleapis.com/upload/sites/red-onion-bbfe4/versions/c88faf76f7527edb/files/8c6bb2a422de2ce194b1c6f83118482e9a42238e0ce6463968e91f4b6f83b27d [none]
[debug] [2021-05-19T13:51:52.852Z] >>> [apiv2][body] POST https://upload-firebasehosting.googleapis.com/upload/sites/red-onion-bbfe4/versions/c88faf76f7527edb/files/8c6bb2a422de2ce194b1c6f83118482e9a42238e0ce6463968e91f4b6f83b27d [stream]
[debug] [2021-05-19T13:51:54.734Z] [uploadQueue] Retrying task 7b78b2be1c1a69699f779a05c5fb05e0247ca7b29e16e7b116426f5acc12bb9e
[debug] [2021-05-19T13:51:54.736Z] >>> [apiv2][query] POST https://upload-firebasehosting.googleapis.com/upload/sites/red-onion-bbfe4/versions/c88faf76f7527edb/files/7b78b2be1c1a69699f779a05c5fb05e0247ca7b29e16e7b116426f5acc12bb9e [none]
[debug] [2021-05-19T13:51:54.736Z] >>> [apiv2][body] POST https://upload-firebasehosting.googleapis.com/upload/sites/red-onion-bbfe4/versions/c88faf76f7527edb/files/7b78b2be1c1a69699f779a05c5fb05e0247ca7b29e16e7b116426f5acc12bb9e [stream]
[debug] [2021-05-19T13:51:57.207Z] [uploadQueue] Retrying task 5570ef855960fb1915a42df1351c95a7efd21739773812becc4025ffd571d215
[debug] [2021-05-19T13:51:57.210Z] >>> [apiv2][query] POST https://upload-firebasehosting.googleapis.com/upload/sites/red-onion-bbfe4/versions/c88faf76f7527edb/files/5570ef855960fb1915a42df1351c95a7efd21739773812becc4025ffd571d215 [none]
[debug] [2021-05-19T13:51:57.211Z] >>> [apiv2][body] POST https://upload-firebasehosting.googleapis.com/upload/sites/red-onion-bbfe4/versions/c88faf76f7527edb/files/5570ef855960fb1915a42df1351c95a7efd21739773812becc4025ffd571d215 [stream]
[debug] [2021-05-19T13:51:58.358Z] [uploadQueue] Retrying task b7501ecd265e8d77c1cc36bd590b92fe5c0f8bac07761fa269c83f1771ce9896
[debug] [2021-05-19T13:51:58.361Z] >>> [apiv2][query] POST https://upload-firebasehosting.googleapis.com/upload/sites/red-onion-bbfe4/versions/c88faf76f7527edb/files/b7501ecd265e8d77c1cc36bd590b92fe5c0f8bac07761fa269c83f1771ce9896 [none]
[debug] [2021-05-19T13:51:58.363Z] >>> [apiv2][body] POST https://upload-firebasehosting.googleapis.com/upload/sites/red-onion-bbfe4/versions/c88faf76f7527edb/files/b7501ecd265e8d77c1cc36bd590b92fe5c0f8bac07761fa269c83f1771ce9896 [stream]
[debug] [2021-05-19T13:51:58.410Z] [uploadQueue] Retrying task ebbee777153770408ed73d4a0fb08f22cb6ff45170c04cac07819d570b90e5bb
[debug] [2021-05-19T13:51:58.412Z] >>> [apiv2][query] POST https://upload-firebasehosting.googleapis.com/upload/sites/red-onion-bbfe4/versions/c88faf76f7527edb/files/ebbee777153770408ed73d4a0fb08f22cb6ff45170c04cac07819d570b90e5bb [none]
[debug] [2021-05-19T13:51:58.412Z] >>> [apiv2][body] POST https://upload-firebasehosting.googleapis.com/upload/sites/red-onion-bbfe4/versions/c88faf76f7527edb/files/ebbee777153770408ed73d4a0fb08f22cb6ff45170c04cac07819d570b90e5bb [stream]
[debug] [2021-05-19T13:52:04.333Z] [uploadQueue] Retrying task 1b73a3219e6d8931bd690534f5244122e7c292c8f4f33023ec8075da2601e2f3
[debug] [2021-05-19T13:52:04.335Z] >>> [apiv2][query] POST https://upload-firebasehosting.googleapis.com/upload/sites/red-onion-bbfe4/versions/c88faf76f7527edb/files/1b73a3219e6d8931bd690534f5244122e7c292c8f4f33023ec8075da2601e2f3 [none]
[debug] [2021-05-19T13:52:04.335Z] >>> [apiv2][body] POST https://upload-firebasehosting.googleapis.com/upload/sites/red-onion-bbfe4/versions/c88faf76f7527edb/files/1b73a3219e6d8931bd690534f5244122e7c292c8f4f33023ec8075da2601e2f3 [stream]
[debug] [2021-05-19T13:52:04.586Z] [uploadQueue] Retrying task 097ca4982d681e7789199de903af2b457c7fa9153625ff34e3b6d9abe26ff25c
[debug] [2021-05-19T13:52:04.586Z] >>> [apiv2][query] POST https://upload-firebasehosting.googleapis.com/upload/sites/red-onion-bbfe4/versions/c88faf76f7527edb/files/097ca4982d681e7789199de903af2b457c7fa9153625ff34e3b6d9abe26ff25c [none]
[debug] [2021-05-19T13:52:04.587Z] >>> [apiv2][body] POST https://upload-firebasehosting.googleapis.com/upload/sites/red-onion-bbfe4/versions/c88faf76f7527edb/files/097ca4982d681e7789199de903af2b457c7fa9153625ff34e3b6d9abe26ff25c [stream]
[debug] [2021-05-19T13:52:04.730Z] [uploadQueue] Retrying task 942b5a3c163a7a428ec3266832451b33a5bfd2341048c15e0d73112d99e1a640
[debug] [2021-05-19T13:52:04.732Z] >>> [apiv2][query] POST https://upload-firebasehosting.googleapis.com/upload/sites/red-onion-bbfe4/versions/c88faf76f7527edb/files/942b5a3c163a7a428ec3266832451b33a5bfd2341048c15e0d73112d99e1a640 [none]
[debug] [2021-05-19T13:52:04.732Z] >>> [apiv2][body] POST https://upload-firebasehosting.googleapis.com/upload/sites/red-onion-bbfe4/versions/c88faf76f7527edb/files/942b5a3c163a7a428ec3266832451b33a5bfd2341048c15e0d73112d99e1a640 [stream]
[debug] [2021-05-19T13:52:08.385Z] [uploadQueue] Retrying task 75c2ce378ea5e249d866213e28ef053e7b752c4f28964879855c957e7dfc752a
[debug] [2021-05-19T13:52:08.386Z] >>> [apiv2][query] POST https://upload-firebasehosting.googleapis.com/upload/sites/red-onion-bbfe4/versions/c88faf76f7527edb/files/75c2ce378ea5e249d866213e28ef053e7b752c4f28964879855c957e7dfc752a [none]
[debug] [2021-05-19T13:52:08.386Z] >>> [apiv2][body] POST https://upload-firebasehosting.googleapis.com/upload/sites/red-onion-bbfe4/versions/c88faf76f7527edb/files/75c2ce378ea5e249d866213e28ef053e7b752c4f28964879855c957e7dfc752a [stream]
[debug] [2021-05-19T13:52:09.400Z] [uploadQueue] Retrying task 93a55ca98236032c62752b8a333955d86eb5558b8e0f770133d8f61e55e61bd7
[debug] [2021-05-19T13:52:09.401Z] >>> [apiv2][query] POST https://upload-firebasehosting.googleapis.com/upload/sites/red-onion-bbfe4/versions/c88faf76f7527edb/files/93a55ca98236032c62752b8a333955d86eb5558b8e0f770133d8f61e55e61bd7 [none]
[debug] [2021-05-19T13:52:09.401Z] >>> [apiv2][body] POST https://upload-firebasehosting.googleapis.com/upload/sites/red-onion-bbfe4/versions/c88faf76f7527edb/files/93a55ca98236032c62752b8a333955d86eb5558b8e0f770133d8f61e55e61bd7 [stream]
[debug] [2021-05-19T13:52:10.379Z] [uploadQueue] Retrying task 3a887b49858be05f933591ee27ad40231fcc857f286e5944925ad45b622de049
[debug] [2021-05-19T13:52:10.386Z] >>> [apiv2][query] POST https://upload-firebasehosting.googleapis.com/upload/sites/red-onion-bbfe4/versions/c88faf76f7527edb/files/3a887b49858be05f933591ee27ad40231fcc857f286e5944925ad45b622de049 [none]
[debug] [2021-05-19T13:52:10.387Z] >>> [apiv2][body] POST https://upload-firebasehosting.googleapis.com/upload/sites/red-onion-bbfe4/versions/c88faf76f7527edb/files/3a887b49858be05f933591ee27ad40231fcc857f286e5944925ad45b622de049 [stream]
[debug] [2021-05-19T13:52:13.401Z] [uploadQueue] Retrying task 8c6bb2a422de2ce194b1c6f83118482e9a42238e0ce6463968e91f4b6f83b27d
[debug] [2021-05-19T13:52:13.403Z] >>> [apiv2][query] POST https://upload-firebasehosting.googleapis.com/upload/sites/red-onion-bbfe4/versions/c88faf76f7527edb/files/8c6bb2a422de2ce194b1c6f83118482e9a42238e0ce6463968e91f4b6f83b27d [none]
[debug] [2021-05-19T13:52:13.403Z] >>> [apiv2][body] POST https://upload-firebasehosting.googleapis.com/upload/sites/red-onion-bbfe4/versions/c88faf76f7527edb/files/8c6bb2a422de2ce194b1c6f83118482e9a42238e0ce6463968e91f4b6f83b27d [stream]
[debug] [2021-05-19T13:52:13.430Z] [uploadQueue] Retrying task 907a697a069b9155eee54dee55d9265572e16463875fc3764e9554af344a7b6a
[debug] [2021-05-19T13:52:13.431Z] >>> [apiv2][query] POST https://upload-firebasehosting.googleapis.com/upload/sites/red-onion-bbfe4/versions/c88faf76f7527edb/files/907a697a069b9155eee54dee55d9265572e16463875fc3764e9554af344a7b6a [none]
[debug] [2021-05-19T13:52:13.431Z] >>> [apiv2][body] POST https://upload-firebasehosting.googleapis.com/upload/sites/red-onion-bbfe4/versions/c88faf76f7527edb/files/907a697a069b9155eee54dee55d9265572e16463875fc3764e9554af344a7b6a [stream]
[debug] [2021-05-19T13:52:17.054Z] [uploadQueue] Retrying task 8727725c96f93d08014f90d939b0aa2a31f7880b1f74959224f72c868fa4bef1
[debug] [2021-05-19T13:52:17.057Z] >>> [apiv2][query] POST https://upload-firebasehosting.googleapis.com/upload/sites/red-onion-bbfe4/versions/c88faf76f7527edb/files/8727725c96f93d08014f90d939b0aa2a31f7880b1f74959224f72c868fa4bef1 [none]
[debug] [2021-05-19T13:52:17.058Z] >>> [apiv2][body] POST https://upload-firebasehosting.googleapis.com/upload/sites/red-onion-bbfe4/versions/c88faf76f7527edb/files/8727725c96f93d08014f90d939b0aa2a31f7880b1f74959224f72c868fa4bef1 [stream]
[debug] [2021-05-19T13:52:17.094Z] [uploadQueue] Retrying task fe8b1159b51e02d6f381e95bf7c379be8220f0e31293073da7a9735c4954dbf3
[debug] [2021-05-19T13:52:17.096Z] >>> [apiv2][query] POST https://upload-firebasehosting.googleapis.com/upload/sites/red-onion-bbfe4/versions/c88faf76f7527edb/files/fe8b1159b51e02d6f381e95bf7c379be8220f0e31293073da7a9735c4954dbf3 [none]
[debug] [2021-05-19T13:52:17.096Z] >>> [apiv2][body] POST https://upload-firebasehosting.googleapis.com/upload/sites/red-onion-bbfe4/versions/c88faf76f7527edb/files/fe8b1159b51e02d6f381e95bf7c379be8220f0e31293073da7a9735c4954dbf3 [stream]
[debug] [2021-05-19T13:52:17.099Z] [uploadQueue] Retrying task a51136ed1059be1b934a9203889dd63a2b9f7467161d59cf70b694862e4d2901
[debug] [2021-05-19T13:52:17.101Z] >>> [apiv2][query] POST https://upload-firebasehosting.googleapis.com/upload/sites/red-onion-bbfe4/versions/c88faf76f7527edb/files/a51136ed1059be1b934a9203889dd63a2b9f7467161d59cf70b694862e4d2901 [none]
[debug] [2021-05-19T13:52:17.101Z] >>> [apiv2][body] POST https://upload-firebasehosting.googleapis.com/upload/sites/red-onion-bbfe4/versions/c88faf76f7527edb/files/a51136ed1059be1b934a9203889dd63a2b9f7467161d59cf70b694862e4d2901 [stream]
[debug] [2021-05-19T13:52:17.107Z] [uploadQueue] Retrying task eb20f733ab34831bec85b15dc852102060d9ddda13c4a1cffe4af89c3718cc5f
[debug] [2021-05-19T13:52:17.114Z] >>> [apiv2][query] POST https://upload-firebasehosting.googleapis.com/upload/sites/red-onion-bbfe4/versions/c88faf76f7527edb/files/eb20f733ab34831bec85b15dc852102060d9ddda13c4a1cffe4af89c3718cc5f [none]
[debug] [2021-05-19T13:52:17.115Z] >>> [apiv2][body] POST https://upload-firebasehosting.googleapis.com/upload/sites/red-onion-bbfe4/versions/c88faf76f7527edb/files/eb20f733ab34831bec85b15dc852102060d9ddda13c4a1cffe4af89c3718cc5f [stream]
[debug] [2021-05-19T13:52:17.119Z] [uploadQueue] Retrying task 5045ff1240bc9dc72629cf21d3fa7124d52e016a42a30c4d83813da0de26c241
[debug] [2021-05-19T13:52:17.121Z] >>> [apiv2][query] POST https://upload-firebasehosting.googleapis.com/upload/sites/red-onion-bbfe4/versions/c88faf76f7527edb/files/5045ff1240bc9dc72629cf21d3fa7124d52e016a42a30c4d83813da0de26c241 [none]
[debug] [2021-05-19T13:52:17.121Z] >>> [apiv2][body] POST https://upload-firebasehosting.googleapis.com/upload/sites/red-onion-bbfe4/versions/c88faf76f7527edb/files/5045ff1240bc9dc72629cf21d3fa7124d52e016a42a30c4d83813da0de26c241 [stream]
[debug] [2021-05-19T13:52:17.130Z] [uploadQueue] Retrying task bc62d41707a8fb5801ab6227fb2f432ac5012dd2b42e810a8953564d67873657
[debug] [2021-05-19T13:52:17.131Z] >>> [apiv2][query] POST https://upload-firebasehosting.googleapis.com/upload/sites/red-onion-bbfe4/versions/c88faf76f7527edb/files/bc62d41707a8fb5801ab6227fb2f432ac5012dd2b42e810a8953564d67873657 [none]
[debug] [2021-05-19T13:52:17.131Z] >>> [apiv2][body] POST https://upload-firebasehosting.googleapis.com/upload/sites/red-onion-bbfe4/versions/c88faf76f7527edb/files/bc62d41707a8fb5801ab6227fb2f432ac5012dd2b42e810a8953564d67873657 [stream]
[debug] [2021-05-19T13:52:20.833Z] [uploadQueue] Retrying task b11a010892f48a297fa4f0f7eb69c9c1e77536386a825e1ebbd76c4613fd8d88
[debug] [2021-05-19T13:52:20.836Z] >>> [apiv2][query] POST https://upload-firebasehosting.googleapis.com/upload/sites/red-onion-bbfe4/versions/c88faf76f7527edb/files/b11a010892f48a297fa4f0f7eb69c9c1e77536386a825e1ebbd76c4613fd8d88 [none]
[debug] [2021-05-19T13:52:20.837Z] >>> [apiv2][body] POST https://upload-firebasehosting.googleapis.com/upload/sites/red-onion-bbfe4/versions/c88faf76f7527edb/files/b11a010892f48a297fa4f0f7eb69c9c1e77536386a825e1ebbd76c4613fd8d88 [stream]
[debug] [2021-05-19T13:52:22.380Z] [uploadQueue] Retrying task c89bbfb0a65a602acbaa58029fbdd1527a1a77595400d7d35dd1de79d1c49fff
[debug] [2021-05-19T13:52:22.382Z] >>> [apiv2][query] POST https://upload-firebasehosting.googleapis.com/upload/sites/red-onion-bbfe4/versions/c88faf76f7527edb/files/c89bbfb0a65a602acbaa58029fbdd1527a1a77595400d7d35dd1de79d1c49fff [none]
[debug] [2021-05-19T13:52:22.382Z] >>> [apiv2][body] POST https://upload-firebasehosting.googleapis.com/upload/sites/red-onion-bbfe4/versions/c88faf76f7527edb/files/c89bbfb0a65a602acbaa58029fbdd1527a1a77595400d7d35dd1de79d1c49fff [stream]
[debug] [2021-05-19T13:52:24.524Z] [uploadQueue] Retrying task 335560fa824bc762ced8b52ba57e789a576d60fe77166eadb40d4e97b0ee50d5
[debug] [2021-05-19T13:52:24.527Z] >>> [apiv2][query] POST https://upload-firebasehosting.googleapis.com/upload/sites/red-onion-bbfe4/versions/c88faf76f7527edb/files/335560fa824bc762ced8b52ba57e789a576d60fe77166eadb40d4e97b0ee50d5 [none]
[debug] [2021-05-19T13:52:24.528Z] >>> [apiv2][body] POST https://upload-firebasehosting.googleapis.com/upload/sites/red-onion-bbfe4/versions/c88faf76f7527edb/files/335560fa824bc762ced8b52ba57e789a576d60fe77166eadb40d4e97b0ee50d5 [stream]
[debug] [2021-05-19T13:52:26.032Z] [uploadQueue] Retrying task 2b0a9fe8c07f4303d4a72d1b98b644faa25f3bd5f010ac3cfcfef3429b802407
[debug] [2021-05-19T13:52:26.033Z] >>> [apiv2][query] POST https://upload-firebasehosting.googleapis.com/upload/sites/red-onion-bbfe4/versions/c88faf76f7527edb/files/2b0a9fe8c07f4303d4a72d1b98b644faa25f3bd5f010ac3cfcfef3429b802407 [none]
[debug] [2021-05-19T13:52:26.033Z] >>> [apiv2][body] POST https://upload-firebasehosting.googleapis.com/upload/sites/red-onion-bbfe4/versions/c88faf76f7527edb/files/2b0a9fe8c07f4303d4a72d1b98b644faa25f3bd5f010ac3cfcfef3429b802407 [stream]
[debug] [2021-05-19T13:52:26.045Z] [uploadQueue] Retrying task 3d776fadb915d835ccbcd4de44e8d1713fe447b90a7e76b6a6bfdd009394530c
[debug] [2021-05-19T13:52:26.046Z] >>> [apiv2][query] POST https://upload-firebasehosting.googleapis.com/upload/sites/red-onion-bbfe4/versions/c88faf76f7527edb/files/3d776fadb915d835ccbcd4de44e8d1713fe447b90a7e76b6a6bfdd009394530c [none]
[debug] [2021-05-19T13:52:26.046Z] >>> [apiv2][body] POST https://upload-firebasehosting.googleapis.com/upload/sites/red-onion-bbfe4/versions/c88faf76f7527edb/files/3d776fadb915d835ccbcd4de44e8d1713fe447b90a7e76b6a6bfdd009394530c [stream]
[debug] [2021-05-19T13:52:31.141Z] [uploadQueue] Retrying task 7b78b2be1c1a69699f779a05c5fb05e0247ca7b29e16e7b116426f5acc12bb9e
[debug] [2021-05-19T13:52:31.143Z] >>> [apiv2][query] POST https://upload-firebasehosting.googleapis.com/upload/sites/red-onion-bbfe4/versions/c88faf76f7527edb/files/7b78b2be1c1a69699f779a05c5fb05e0247ca7b29e16e7b116426f5acc12bb9e [none]
[debug] [2021-05-19T13:52:31.143Z] >>> [apiv2][body] POST https://upload-firebasehosting.googleapis.com/upload/sites/red-onion-bbfe4/versions/c88faf76f7527edb/files/7b78b2be1c1a69699f779a05c5fb05e0247ca7b29e16e7b116426f5acc12bb9e [stream]
[debug] [2021-05-19T13:52:31.871Z] [uploadQueue] Retrying task 5570ef855960fb1915a42df1351c95a7efd21739773812becc4025ffd571d215
[debug] [2021-05-19T13:52:31.873Z] >>> [apiv2][query] POST https://upload-firebasehosting.googleapis.com/upload/sites/red-onion-bbfe4/versions/c88faf76f7527edb/files/5570ef855960fb1915a42df1351c95a7efd21739773812becc4025ffd571d215 [none]
[debug] [2021-05-19T13:52:31.874Z] >>> [apiv2][body] POST https://upload-firebasehosting.googleapis.com/upload/sites/red-onion-bbfe4/versions/c88faf76f7527edb/files/5570ef855960fb1915a42df1351c95a7efd21739773812becc4025ffd571d215 [stream]
[debug] [2021-05-19T13:52:34.764Z] [uploadQueue] Retrying task b7501ecd265e8d77c1cc36bd590b92fe5c0f8bac07761fa269c83f1771ce9896
[debug] [2021-05-19T13:52:34.765Z] >>> [apiv2][query] POST https://upload-firebasehosting.googleapis.com/upload/sites/red-onion-bbfe4/versions/c88faf76f7527edb/files/b7501ecd265e8d77c1cc36bd590b92fe5c0f8bac07761fa269c83f1771ce9896 [none]
[debug] [2021-05-19T13:52:34.765Z] >>> [apiv2][body] POST https://upload-firebasehosting.googleapis.com/upload/sites/red-onion-bbfe4/versions/c88faf76f7527edb/files/b7501ecd265e8d77c1cc36bd590b92fe5c0f8bac07761fa269c83f1771ce9896 [stream]
[debug] [2021-05-19T13:52:34.811Z] [uploadQueue] Retrying task ebbee777153770408ed73d4a0fb08f22cb6ff45170c04cac07819d570b90e5bb
[debug] [2021-05-19T13:52:34.812Z] >>> [apiv2][query] POST https://upload-firebasehosting.googleapis.com/upload/sites/red-onion-bbfe4/versions/c88faf76f7527edb/files/ebbee777153770408ed73d4a0fb08f22cb6ff45170c04cac07819d570b90e5bb [none]
[debug] [2021-05-19T13:52:34.812Z] >>> [apiv2][body] POST https://upload-firebasehosting.googleapis.com/upload/sites/red-onion-bbfe4/versions/c88faf76f7527edb/files/ebbee777153770408ed73d4a0fb08f22cb6ff45170c04cac07819d570b90e5bb [stream]
[debug] [2021-05-19T13:52:40.738Z] [uploadQueue] Retrying task 1b73a3219e6d8931bd690534f5244122e7c292c8f4f33023ec8075da2601e2f3
[debug] [2021-05-19T13:52:40.739Z] >>> [apiv2][query] POST https://upload-firebasehosting.googleapis.com/upload/sites/red-onion-bbfe4/versions/c88faf76f7527edb/files/1b73a3219e6d8931bd690534f5244122e7c292c8f4f33023ec8075da2601e2f3 [none]
[debug] [2021-05-19T13:52:40.739Z] >>> [apiv2][body] POST https://upload-firebasehosting.googleapis.com/upload/sites/red-onion-bbfe4/versions/c88faf76f7527edb/files/1b73a3219e6d8931bd690534f5244122e7c292c8f4f33023ec8075da2601e2f3 [stream]
[debug] [2021-05-19T13:52:41.133Z] [uploadQueue] Retrying task 942b5a3c163a7a428ec3266832451b33a5bfd2341048c15e0d73112d99e1a640
[debug] [2021-05-19T13:52:41.136Z] >>> [apiv2][query] POST https://upload-firebasehosting.googleapis.com/upload/sites/red-onion-bbfe4/versions/c88faf76f7527edb/files/942b5a3c163a7a428ec3266832451b33a5bfd2341048c15e0d73112d99e1a640 [none]
[debug] [2021-05-19T13:52:41.136Z] >>> [apiv2][body] POST https://upload-firebasehosting.googleapis.com/upload/sites/red-onion-bbfe4/versions/c88faf76f7527edb/files/942b5a3c163a7a428ec3266832451b33a5bfd2341048c15e0d73112d99e1a640 [stream]
[debug] [2021-05-19T13:52:41.711Z] [uploadQueue] Retrying task 097ca4982d681e7789199de903af2b457c7fa9153625ff34e3b6d9abe26ff25c
[debug] [2021-05-19T13:52:41.712Z] >>> [apiv2][query] POST https://upload-firebasehosting.googleapis.com/upload/sites/red-onion-bbfe4/versions/c88faf76f7527edb/files/097ca4982d681e7789199de903af2b457c7fa9153625ff34e3b6d9abe26ff25c [none]
[debug] [2021-05-19T13:52:41.713Z] >>> [apiv2][body] POST https://upload-firebasehosting.googleapis.com/upload/sites/red-onion-bbfe4/versions/c88faf76f7527edb/files/097ca4982d681e7789199de903af2b457c7fa9153625ff34e3b6d9abe26ff25c [stream]
